2017-04-01 23:47:00 - INFO - views:login:350 - User anshul successfully authenticated
2017-04-01 23:49:05 - INFO - views:login:350 - User anshul successfully authenticated
2017-04-01 23:51:24 - INFO - views:login:350 - User anshul successfully authenticated
2017-04-02 00:09:56 - INFO - views:login:350 - User anshul successfully authenticated
2017-04-02 03:24:47 - INFO - views:login:350 - User anshul successfully authenticated
2017-04-02 17:02:48 - INFO - views:login:350 - User anshul successfully authenticated
2017-04-02 17:03:09 - INFO - views:logout:372 - User anshul successfully logged out
2017-04-02 17:03:25 - INFO - views:login:350 - User divyesh successfully authenticated
2017-04-03 00:09:31 - INFO - views:logout:372 - User divyesh successfully logged out
2017-04-03 00:09:39 - INFO - views:login:350 - User ranjana successfully authenticated
2017-04-03 01:05:00 - INFO - views:logout:372 - User ranjana successfully logged out
2017-04-03 01:05:05 - INFO - views:login:350 - User anshul successfully authenticated
2017-04-03 01:06:06 - INFO - views:logout:372 - User anshul successfully logged out
2017-04-03 01:06:11 - INFO - views:login:350 - User ranjana successfully authenticated
2017-04-03 18:00:46 - INFO - views:login:350 - User anshul successfully authenticated
2017-04-03 18:01:49 - INFO - views:logout:372 - User anshul successfully logged out
2017-04-03 18:01:56 - INFO - views:login:350 - User ranjana successfully authenticated
2017-04-03 18:02:11 - INFO - guide_views:guide_evaluate_unevaluated_abstract:86 - SHANU
2017-04-03 18:02:14 - INFO - views:logout:372 - User ranjana successfully logged out
2017-04-03 18:02:23 - INFO - views:login:350 - User anshul successfully authenticated
2017-04-03 18:10:38 - ERROR - base:handle_uncaught_exception:284 - Internal Server Error: /user/notifications/
Traceback (most recent call last):
  File "E:\Education\GitHub Projects\PhDPortal\env\lib\site-packages\django\template\base.py", line 879, in _resolve_lookup
    current = current[bit]
  File "E:\Education\GitHub Projects\PhDPortal\env\lib\site-packages\django\template\context.py", line 77, in __getitem__
    raise KeyError(key)
KeyError: 'TIME_ZONE'

During handling of the above exception, another exception occurred:

Traceback (most recent call last):
  File "E:\Education\GitHub Projects\PhDPortal\env\lib\site-packages\django\template\base.py", line 885, in _resolve_lookup
    if isinstance(current, BaseContext) and getattr(type(current), bit):
AttributeError: type object 'RequestContext' has no attribute 'TIME_ZONE'

During handling of the above exception, another exception occurred:

Traceback (most recent call last):
  File "E:\Education\GitHub Projects\PhDPortal\env\lib\site-packages\django\template\base.py", line 894, in _resolve_lookup
    current = current[int(bit)]
ValueError: invalid literal for int() with base 10: 'TIME_ZONE'

During handling of the above exception, another exception occurred:

Traceback (most recent call last):
  File "E:\Education\GitHub Projects\PhDPortal\env\lib\site-packages\django\core\handlers\base.py", line 149, in get_response
    response = self.process_exception_by_middleware(e, request)
  File "E:\Education\GitHub Projects\PhDPortal\env\lib\site-packages\django\core\handlers\base.py", line 147, in get_response
    response = wrapped_callback(request, *callback_args, **callback_kwargs)
  File "E:\Education\GitHub Projects\PhDPortal\env\lib\site-packages\django\contrib\auth\decorators.py", line 23, in _wrapped_view
    return view_func(request, *args, **kwargs)
  File "E:\Education\GitHub Projects\PhDPortal\app\views.py", line 434, in user_notifications
    'unread_notifications': unread_notifications,
  File "E:\Education\GitHub Projects\PhDPortal\env\lib\site-packages\django\shortcuts.py", line 67, in render
    template_name, context, request=request, using=using)
  File "E:\Education\GitHub Projects\PhDPortal\env\lib\site-packages\django\template\loader.py", line 97, in render_to_string
    return template.render(context, request)
  File "E:\Education\GitHub Projects\PhDPortal\env\lib\site-packages\django\template\backends\django.py", line 95, in render
    return self.template.render(context)
  File "E:\Education\GitHub Projects\PhDPortal\env\lib\site-packages\django\template\base.py", line 206, in render
    return self._render(context)
  File "E:\Education\GitHub Projects\PhDPortal\env\lib\site-packages\django\template\base.py", line 197, in _render
    return self.nodelist.render(context)
  File "E:\Education\GitHub Projects\PhDPortal\env\lib\site-packages\django\template\base.py", line 988, in render
    bit = node.render_annotated(context)
  File "E:\Education\GitHub Projects\PhDPortal\env\lib\site-packages\django\template\base.py", line 955, in render_annotated
    return self.render(context)
  File "E:\Education\GitHub Projects\PhDPortal\env\lib\site-packages\django\template\loader_tags.py", line 173, in render
    return compiled_parent._render(context)
  File "E:\Education\GitHub Projects\PhDPortal\env\lib\site-packages\django\template\base.py", line 197, in _render
    return self.nodelist.render(context)
  File "E:\Education\GitHub Projects\PhDPortal\env\lib\site-packages\django\template\base.py", line 988, in render
    bit = node.render_annotated(context)
  File "E:\Education\GitHub Projects\PhDPortal\env\lib\site-packages\django\template\base.py", line 955, in render_annotated
    return self.render(context)
  File "E:\Education\GitHub Projects\PhDPortal\env\lib\site-packages\django\template\loader_tags.py", line 69, in render
    result = block.nodelist.render(context)
  File "E:\Education\GitHub Projects\PhDPortal\env\lib\site-packages\django\template\base.py", line 988, in render
    bit = node.render_annotated(context)
  File "E:\Education\GitHub Projects\PhDPortal\env\lib\site-packages\django\template\base.py", line 955, in render_annotated
    return self.render(context)
  File "E:\Education\GitHub Projects\PhDPortal\env\lib\site-packages\django\template\defaulttags.py", line 326, in render
    return nodelist.render(context)
  File "E:\Education\GitHub Projects\PhDPortal\env\lib\site-packages\django\template\base.py", line 988, in render
    bit = node.render_annotated(context)
  File "E:\Education\GitHub Projects\PhDPortal\env\lib\site-packages\django\template\base.py", line 955, in render_annotated
    return self.render(context)
  File "E:\Education\GitHub Projects\PhDPortal\env\lib\site-packages\django\template\defaulttags.py", line 220, in render
    nodelist.append(node.render_annotated(context))
  File "E:\Education\GitHub Projects\PhDPortal\env\lib\site-packages\django\template\base.py", line 955, in render_annotated
    return self.render(context)
  File "E:\Education\GitHub Projects\PhDPortal\env\lib\site-packages\django\template\base.py", line 1039, in render
    output = self.filter_expression.resolve(context)
  File "E:\Education\GitHub Projects\PhDPortal\env\lib\site-packages\django\template\base.py", line 726, in resolve
    arg_vals.append(arg.resolve(context))
  File "E:\Education\GitHub Projects\PhDPortal\env\lib\site-packages\django\template\base.py", line 846, in resolve
    value = self._resolve_lookup(context)
  File "E:\Education\GitHub Projects\PhDPortal\env\lib\site-packages\django\template\base.py", line 901, in _resolve_lookup
    (bit, current))  # missing attribute
django.template.base.VariableDoesNotExist: Failed lookup for key [TIME_ZONE] in "[{'True': True, 'False': False, 'None': None}, {}, {}, {'title': 'Notifications', 'layout_data': {'unread_notifications_count': 6, 'unread_notifications': [<Notification:  notification>, <Notification:  notification>, <Notification:  notification>]}, 'read_notifications': [<Notification:  notification>, <Notification:  notification>, <Notification:  notification>], 'unread_notifications': [<Notification:  notification>, <Notification:  notification>, <Notification:  notification>, <Notification:  notification>, <Notification:  notification>, <Notification:  notification>]}]"
2017-04-03 18:14:36 - ERROR - base:handle_uncaught_exception:284 - Internal Server Error: /user/notifications/
Traceback (most recent call last):
  File "E:\Education\GitHub Projects\PhDPortal\env\lib\site-packages\django\core\handlers\base.py", line 149, in get_response
    response = self.process_exception_by_middleware(e, request)
  File "E:\Education\GitHub Projects\PhDPortal\env\lib\site-packages\django\core\handlers\base.py", line 147, in get_response
    response = wrapped_callback(request, *callback_args, **callback_kwargs)
  File "E:\Education\GitHub Projects\PhDPortal\env\lib\site-packages\django\contrib\auth\decorators.py", line 23, in _wrapped_view
    return view_func(request, *args, **kwargs)
  File "E:\Education\GitHub Projects\PhDPortal\app\views.py", line 434, in user_notifications
    'unread_notifications': unread_notifications,
  File "E:\Education\GitHub Projects\PhDPortal\env\lib\site-packages\django\shortcuts.py", line 67, in render
    template_name, context, request=request, using=using)
  File "E:\Education\GitHub Projects\PhDPortal\env\lib\site-packages\django\template\loader.py", line 97, in render_to_string
    return template.render(context, request)
  File "E:\Education\GitHub Projects\PhDPortal\env\lib\site-packages\django\template\backends\django.py", line 95, in render
    return self.template.render(context)
  File "E:\Education\GitHub Projects\PhDPortal\env\lib\site-packages\django\template\base.py", line 206, in render
    return self._render(context)
  File "E:\Education\GitHub Projects\PhDPortal\env\lib\site-packages\django\template\base.py", line 197, in _render
    return self.nodelist.render(context)
  File "E:\Education\GitHub Projects\PhDPortal\env\lib\site-packages\django\template\base.py", line 988, in render
    bit = node.render_annotated(context)
  File "E:\Education\GitHub Projects\PhDPortal\env\lib\site-packages\django\template\base.py", line 955, in render_annotated
    return self.render(context)
  File "E:\Education\GitHub Projects\PhDPortal\env\lib\site-packages\django\template\loader_tags.py", line 173, in render
    return compiled_parent._render(context)
  File "E:\Education\GitHub Projects\PhDPortal\env\lib\site-packages\django\template\base.py", line 197, in _render
    return self.nodelist.render(context)
  File "E:\Education\GitHub Projects\PhDPortal\env\lib\site-packages\django\template\base.py", line 988, in render
    bit = node.render_annotated(context)
  File "E:\Education\GitHub Projects\PhDPortal\env\lib\site-packages\django\template\base.py", line 955, in render_annotated
    return self.render(context)
  File "E:\Education\GitHub Projects\PhDPortal\env\lib\site-packages\django\template\loader_tags.py", line 69, in render
    result = block.nodelist.render(context)
  File "E:\Education\GitHub Projects\PhDPortal\env\lib\site-packages\django\template\base.py", line 988, in render
    bit = node.render_annotated(context)
  File "E:\Education\GitHub Projects\PhDPortal\env\lib\site-packages\django\template\base.py", line 955, in render_annotated
    return self.render(context)
  File "E:\Education\GitHub Projects\PhDPortal\env\lib\site-packages\django\template\defaulttags.py", line 326, in render
    return nodelist.render(context)
  File "E:\Education\GitHub Projects\PhDPortal\env\lib\site-packages\django\template\base.py", line 988, in render
    bit = node.render_annotated(context)
  File "E:\Education\GitHub Projects\PhDPortal\env\lib\site-packages\django\template\base.py", line 955, in render_annotated
    return self.render(context)
  File "E:\Education\GitHub Projects\PhDPortal\env\lib\site-packages\django\template\defaulttags.py", line 220, in render
    nodelist.append(node.render_annotated(context))
  File "E:\Education\GitHub Projects\PhDPortal\env\lib\site-packages\django\template\base.py", line 955, in render_annotated
    return self.render(context)
  File "E:\Education\GitHub Projects\PhDPortal\env\lib\site-packages\django\templatetags\tz.py", line 113, in render
    with timezone.override(self.tz.resolve(context)):
  File "E:\Education\GitHub Projects\PhDPortal\env\lib\site-packages\django\utils\timezone.py", line 269, in __enter__
    activate(self.timezone)
  File "E:\Education\GitHub Projects\PhDPortal\env\lib\site-packages\django\utils\timezone.py", line 234, in activate
    _active.value = pytz.timezone(timezone)
  File "E:\Education\GitHub Projects\PhDPortal\env\lib\site-packages\pytz\__init__.py", line 181, in timezone
    raise UnknownTimeZoneError(zone)
pytz.exceptions.UnknownTimeZoneError: ''
2017-04-03 18:22:44 - ERROR - base:handle_uncaught_exception:284 - Internal Server Error: /user/notifications/
Traceback (most recent call last):
  File "E:\Education\GitHub Projects\PhDPortal\env\lib\site-packages\django\core\handlers\base.py", line 149, in get_response
    response = self.process_exception_by_middleware(e, request)
  File "E:\Education\GitHub Projects\PhDPortal\env\lib\site-packages\django\core\handlers\base.py", line 147, in get_response
    response = wrapped_callback(request, *callback_args, **callback_kwargs)
  File "E:\Education\GitHub Projects\PhDPortal\env\lib\site-packages\django\contrib\auth\decorators.py", line 23, in _wrapped_view
    return view_func(request, *args, **kwargs)
  File "E:\Education\GitHub Projects\PhDPortal\app\views.py", line 434, in user_notifications
    'unread_notifications': unread_notifications,
  File "E:\Education\GitHub Projects\PhDPortal\env\lib\site-packages\django\shortcuts.py", line 67, in render
    template_name, context, request=request, using=using)
  File "E:\Education\GitHub Projects\PhDPortal\env\lib\site-packages\django\template\loader.py", line 97, in render_to_string
    return template.render(context, request)
  File "E:\Education\GitHub Projects\PhDPortal\env\lib\site-packages\django\template\backends\django.py", line 95, in render
    return self.template.render(context)
  File "E:\Education\GitHub Projects\PhDPortal\env\lib\site-packages\django\template\base.py", line 206, in render
    return self._render(context)
  File "E:\Education\GitHub Projects\PhDPortal\env\lib\site-packages\django\template\base.py", line 197, in _render
    return self.nodelist.render(context)
  File "E:\Education\GitHub Projects\PhDPortal\env\lib\site-packages\django\template\base.py", line 988, in render
    bit = node.render_annotated(context)
  File "E:\Education\GitHub Projects\PhDPortal\env\lib\site-packages\django\template\base.py", line 955, in render_annotated
    return self.render(context)
  File "E:\Education\GitHub Projects\PhDPortal\env\lib\site-packages\django\template\loader_tags.py", line 173, in render
    return compiled_parent._render(context)
  File "E:\Education\GitHub Projects\PhDPortal\env\lib\site-packages\django\template\base.py", line 197, in _render
    return self.nodelist.render(context)
  File "E:\Education\GitHub Projects\PhDPortal\env\lib\site-packages\django\template\base.py", line 988, in render
    bit = node.render_annotated(context)
  File "E:\Education\GitHub Projects\PhDPortal\env\lib\site-packages\django\template\base.py", line 955, in render_annotated
    return self.render(context)
  File "E:\Education\GitHub Projects\PhDPortal\env\lib\site-packages\django\template\loader_tags.py", line 69, in render
    result = block.nodelist.render(context)
  File "E:\Education\GitHub Projects\PhDPortal\env\lib\site-packages\django\template\base.py", line 988, in render
    bit = node.render_annotated(context)
  File "E:\Education\GitHub Projects\PhDPortal\env\lib\site-packages\django\template\base.py", line 955, in render_annotated
    return self.render(context)
  File "E:\Education\GitHub Projects\PhDPortal\env\lib\site-packages\django\template\defaulttags.py", line 326, in render
    return nodelist.render(context)
  File "E:\Education\GitHub Projects\PhDPortal\env\lib\site-packages\django\template\base.py", line 988, in render
    bit = node.render_annotated(context)
  File "E:\Education\GitHub Projects\PhDPortal\env\lib\site-packages\django\template\base.py", line 955, in render_annotated
    return self.render(context)
  File "E:\Education\GitHub Projects\PhDPortal\env\lib\site-packages\django\template\defaulttags.py", line 220, in render
    nodelist.append(node.render_annotated(context))
  File "E:\Education\GitHub Projects\PhDPortal\env\lib\site-packages\django\template\base.py", line 955, in render_annotated
    return self.render(context)
  File "E:\Education\GitHub Projects\PhDPortal\env\lib\site-packages\django\templatetags\tz.py", line 113, in render
    with timezone.override(self.tz.resolve(context)):
  File "E:\Education\GitHub Projects\PhDPortal\env\lib\site-packages\django\utils\timezone.py", line 269, in __enter__
    activate(self.timezone)
  File "E:\Education\GitHub Projects\PhDPortal\env\lib\site-packages\django\utils\timezone.py", line 234, in activate
    _active.value = pytz.timezone(timezone)
  File "E:\Education\GitHub Projects\PhDPortal\env\lib\site-packages\pytz\__init__.py", line 181, in timezone
    raise UnknownTimeZoneError(zone)
pytz.exceptions.UnknownTimeZoneError: ''
2017-04-03 18:23:03 - ERROR - base:handle_uncaught_exception:284 - Internal Server Error: /user/notifications/
Traceback (most recent call last):
  File "E:\Education\GitHub Projects\PhDPortal\env\lib\site-packages\django\core\handlers\base.py", line 149, in get_response
    response = self.process_exception_by_middleware(e, request)
  File "E:\Education\GitHub Projects\PhDPortal\env\lib\site-packages\django\core\handlers\base.py", line 147, in get_response
    response = wrapped_callback(request, *callback_args, **callback_kwargs)
  File "E:\Education\GitHub Projects\PhDPortal\env\lib\site-packages\django\contrib\auth\decorators.py", line 23, in _wrapped_view
    return view_func(request, *args, **kwargs)
  File "E:\Education\GitHub Projects\PhDPortal\app\views.py", line 434, in user_notifications
    'unread_notifications': unread_notifications,
  File "E:\Education\GitHub Projects\PhDPortal\env\lib\site-packages\django\shortcuts.py", line 67, in render
    template_name, context, request=request, using=using)
  File "E:\Education\GitHub Projects\PhDPortal\env\lib\site-packages\django\template\loader.py", line 97, in render_to_string
    return template.render(context, request)
  File "E:\Education\GitHub Projects\PhDPortal\env\lib\site-packages\django\template\backends\django.py", line 95, in render
    return self.template.render(context)
  File "E:\Education\GitHub Projects\PhDPortal\env\lib\site-packages\django\template\base.py", line 206, in render
    return self._render(context)
  File "E:\Education\GitHub Projects\PhDPortal\env\lib\site-packages\django\template\base.py", line 197, in _render
    return self.nodelist.render(context)
  File "E:\Education\GitHub Projects\PhDPortal\env\lib\site-packages\django\template\base.py", line 988, in render
    bit = node.render_annotated(context)
  File "E:\Education\GitHub Projects\PhDPortal\env\lib\site-packages\django\template\base.py", line 955, in render_annotated
    return self.render(context)
  File "E:\Education\GitHub Projects\PhDPortal\env\lib\site-packages\django\template\loader_tags.py", line 173, in render
    return compiled_parent._render(context)
  File "E:\Education\GitHub Projects\PhDPortal\env\lib\site-packages\django\template\base.py", line 197, in _render
    return self.nodelist.render(context)
  File "E:\Education\GitHub Projects\PhDPortal\env\lib\site-packages\django\template\base.py", line 988, in render
    bit = node.render_annotated(context)
  File "E:\Education\GitHub Projects\PhDPortal\env\lib\site-packages\django\template\base.py", line 955, in render_annotated
    return self.render(context)
  File "E:\Education\GitHub Projects\PhDPortal\env\lib\site-packages\django\template\loader_tags.py", line 69, in render
    result = block.nodelist.render(context)
  File "E:\Education\GitHub Projects\PhDPortal\env\lib\site-packages\django\template\base.py", line 988, in render
    bit = node.render_annotated(context)
  File "E:\Education\GitHub Projects\PhDPortal\env\lib\site-packages\django\template\base.py", line 955, in render_annotated
    return self.render(context)
  File "E:\Education\GitHub Projects\PhDPortal\env\lib\site-packages\django\template\defaulttags.py", line 326, in render
    return nodelist.render(context)
  File "E:\Education\GitHub Projects\PhDPortal\env\lib\site-packages\django\template\base.py", line 988, in render
    bit = node.render_annotated(context)
  File "E:\Education\GitHub Projects\PhDPortal\env\lib\site-packages\django\template\base.py", line 955, in render_annotated
    return self.render(context)
  File "E:\Education\GitHub Projects\PhDPortal\env\lib\site-packages\django\template\defaulttags.py", line 220, in render
    nodelist.append(node.render_annotated(context))
  File "E:\Education\GitHub Projects\PhDPortal\env\lib\site-packages\django\template\base.py", line 955, in render_annotated
    return self.render(context)
  File "E:\Education\GitHub Projects\PhDPortal\env\lib\site-packages\django\templatetags\tz.py", line 113, in render
    with timezone.override(self.tz.resolve(context)):
  File "E:\Education\GitHub Projects\PhDPortal\env\lib\site-packages\django\utils\timezone.py", line 269, in __enter__
    activate(self.timezone)
  File "E:\Education\GitHub Projects\PhDPortal\env\lib\site-packages\django\utils\timezone.py", line 234, in activate
    _active.value = pytz.timezone(timezone)
  File "E:\Education\GitHub Projects\PhDPortal\env\lib\site-packages\pytz\__init__.py", line 181, in timezone
    raise UnknownTimeZoneError(zone)
pytz.exceptions.UnknownTimeZoneError: ''
2017-04-03 18:26:03 - ERROR - base:handle_uncaught_exception:284 - Internal Server Error: /user/notifications/
Traceback (most recent call last):
  File "E:\Education\GitHub Projects\PhDPortal\env\lib\site-packages\django\core\handlers\base.py", line 149, in get_response
    response = self.process_exception_by_middleware(e, request)
  File "E:\Education\GitHub Projects\PhDPortal\env\lib\site-packages\django\core\handlers\base.py", line 147, in get_response
    response = wrapped_callback(request, *callback_args, **callback_kwargs)
  File "E:\Education\GitHub Projects\PhDPortal\env\lib\site-packages\django\contrib\auth\decorators.py", line 23, in _wrapped_view
    return view_func(request, *args, **kwargs)
  File "E:\Education\GitHub Projects\PhDPortal\app\views.py", line 436, in user_notifications
    'TZ' : timezone.get_current_timezone(),
NameError: name 'timezone' is not defined
2017-04-03 18:26:33 - ERROR - base:handle_uncaught_exception:284 - Internal Server Error: /user/notifications/
Traceback (most recent call last):
  File "E:\Education\GitHub Projects\PhDPortal\env\lib\site-packages\django\core\handlers\base.py", line 149, in get_response
    response = self.process_exception_by_middleware(e, request)
  File "E:\Education\GitHub Projects\PhDPortal\env\lib\site-packages\django\core\handlers\base.py", line 147, in get_response
    response = wrapped_callback(request, *callback_args, **callback_kwargs)
  File "E:\Education\GitHub Projects\PhDPortal\env\lib\site-packages\django\contrib\auth\decorators.py", line 23, in _wrapped_view
    return view_func(request, *args, **kwargs)
  File "E:\Education\GitHub Projects\PhDPortal\app\views.py", line 436, in user_notifications
    'TZ' : timezone.get_current_timezone(),
NameError: name 'timezone' is not defined
2017-04-03 18:33:10 - ERROR - base:handle_uncaught_exception:284 - Internal Server Error: /user/notifications/
Traceback (most recent call last):
  File "E:\Education\GitHub Projects\PhDPortal\env\lib\site-packages\django\core\handlers\base.py", line 149, in get_response
    response = self.process_exception_by_middleware(e, request)
  File "E:\Education\GitHub Projects\PhDPortal\env\lib\site-packages\django\core\handlers\base.py", line 147, in get_response
    response = wrapped_callback(request, *callback_args, **callback_kwargs)
  File "E:\Education\GitHub Projects\PhDPortal\env\lib\site-packages\django\contrib\auth\decorators.py", line 23, in _wrapped_view
    return view_func(request, *args, **kwargs)
  File "E:\Education\GitHub Projects\PhDPortal\app\views.py", line 428, in user_notifications
    activate(settings.TIME_ZONE)
NameError: name 'settings' is not defined
2017-04-03 19:15:06 - ERROR - base:handle_uncaught_exception:284 - Internal Server Error: /user/notifications/
Traceback (most recent call last):
  File "E:\Education\GitHub Projects\PhDPortal\env\lib\site-packages\django\core\handlers\base.py", line 149, in get_response
    response = self.process_exception_by_middleware(e, request)
  File "E:\Education\GitHub Projects\PhDPortal\env\lib\site-packages\django\core\handlers\base.py", line 147, in get_response
    response = wrapped_callback(request, *callback_args, **callback_kwargs)
  File "E:\Education\GitHub Projects\PhDPortal\env\lib\site-packages\django\contrib\auth\decorators.py", line 23, in _wrapped_view
    return view_func(request, *args, **kwargs)
  File "E:\Education\GitHub Projects\PhDPortal\app\views.py", line 428, in user_notifications
    date = datetime.now(get_localzone())
NameError: name 'datetime' is not defined
2017-04-03 20:31:20 - INFO - views:login:352 - User ash successfully authenticated
2017-04-03 20:32:48 - INFO - views:login:352 - User angelina successfully authenticated
2017-04-03 20:33:38 - INFO - views:login:352 - User anshul successfully authenticated
2017-04-03 20:34:00 - INFO - views:login:352 - User ash successfully authenticated
2017-04-17 15:28:48 - INFO - views:login:390 - User anshul successfully authenticated
2017-04-18 11:59:24 - INFO - views:login:390 - User anshul successfully authenticated
2017-04-18 12:00:22 - INFO - views:logout:412 - User anshul successfully logged out
2017-04-18 12:00:30 - INFO - views:login:390 - User pavan successfully authenticated
2017-04-18 12:01:36 - INFO - views:logout:412 - User pavan successfully logged out
2017-04-18 12:03:06 - INFO - views:login:390 - User admin successfully authenticated
2017-04-18 12:04:23 - INFO - views:logout:412 - User admin successfully logged out
2017-04-18 12:04:30 - INFO - views:login:390 - User gcnandi successfully authenticated
2017-04-18 12:05:02 - INFO - views:logout:412 - User gcnandi successfully logged out
2017-04-18 12:05:16 - INFO - views:login:390 - User angelina successfully authenticated
2017-04-18 12:06:51 - ERROR - base:handle_uncaught_exception:284 - Internal Server Error: /admin/app/thesis/
Traceback (most recent call last):
  File "E:\Education\GitHub Projects\PhDPortal\env\lib\site-packages\django\core\handlers\base.py", line 149, in get_response
    response = self.process_exception_by_middleware(e, request)
  File "E:\Education\GitHub Projects\PhDPortal\env\lib\site-packages\django\core\handlers\base.py", line 147, in get_response
    response = wrapped_callback(request, *callback_args, **callback_kwargs)
  File "E:\Education\GitHub Projects\PhDPortal\env\lib\site-packages\django\contrib\admin\options.py", line 541, in wrapper
    return self.admin_site.admin_view(view)(*args, **kwargs)
  File "E:\Education\GitHub Projects\PhDPortal\env\lib\site-packages\django\utils\decorators.py", line 149, in _wrapped_view
    response = view_func(request, *args, **kwargs)
  File "E:\Education\GitHub Projects\PhDPortal\env\lib\site-packages\django\views\decorators\cache.py", line 57, in _wrapped_view_func
    response = view_func(request, *args, **kwargs)
  File "E:\Education\GitHub Projects\PhDPortal\env\lib\site-packages\django\contrib\admin\sites.py", line 244, in inner
    return view(request, *args, **kwargs)
  File "E:\Education\GitHub Projects\PhDPortal\env\lib\site-packages\django\utils\decorators.py", line 67, in _wrapper
    return bound_func(*args, **kwargs)
  File "E:\Education\GitHub Projects\PhDPortal\env\lib\site-packages\django\utils\decorators.py", line 149, in _wrapped_view
    response = view_func(request, *args, **kwargs)
  File "E:\Education\GitHub Projects\PhDPortal\env\lib\site-packages\django\utils\decorators.py", line 63, in bound_func
    return func.__get__(self, type(self))(*args2, **kwargs2)
  File "E:\Education\GitHub Projects\PhDPortal\env\lib\site-packages\django\contrib\admin\options.py", line 1468, in changelist_view
    self.list_max_show_all, self.list_editable, self)
  File "E:\Education\GitHub Projects\PhDPortal\env\lib\site-packages\django\contrib\admin\views\main.py", line 78, in __init__
    self.queryset = self.get_queryset(request)
  File "E:\Education\GitHub Projects\PhDPortal\env\lib\site-packages\django\contrib\admin\views\main.py", line 356, in get_queryset
    request, qs, self.query)
  File "E:\Education\GitHub Projects\PhDPortal\env\lib\site-packages\django\contrib\admin\options.py", line 900, in get_search_results
    queryset = queryset.filter(reduce(operator.or_, or_queries))
  File "E:\Education\GitHub Projects\PhDPortal\env\lib\site-packages\django\db\models\query.py", line 790, in filter
    return self._filter_or_exclude(False, *args, **kwargs)
  File "E:\Education\GitHub Projects\PhDPortal\env\lib\site-packages\django\db\models\query.py", line 808, in _filter_or_exclude
    clone.query.add_q(Q(*args, **kwargs))
  File "E:\Education\GitHub Projects\PhDPortal\env\lib\site-packages\django\db\models\sql\query.py", line 1243, in add_q
    clause, _ = self._add_q(q_object, self.used_aliases)
  File "E:\Education\GitHub Projects\PhDPortal\env\lib\site-packages\django\db\models\sql\query.py", line 1263, in _add_q
    current_negated, allow_joins, split_subq)
  File "E:\Education\GitHub Projects\PhDPortal\env\lib\site-packages\django\db\models\sql\query.py", line 1269, in _add_q
    allow_joins=allow_joins, split_subq=split_subq,
  File "E:\Education\GitHub Projects\PhDPortal\env\lib\site-packages\django\db\models\sql\query.py", line 1194, in build_filter
    lookup_class = field.get_lookup(lookups[0])
  File "E:\Education\GitHub Projects\PhDPortal\env\lib\site-packages\django\db\models\fields\related.py", line 688, in get_lookup
    raise TypeError('Related Field got invalid lookup: %s' % lookup_name)
TypeError: Related Field got invalid lookup: icontains
2017-04-18 12:07:14 - ERROR - base:handle_uncaught_exception:284 - Internal Server Error: /admin/app/thesis/
Traceback (most recent call last):
  File "E:\Education\GitHub Projects\PhDPortal\env\lib\site-packages\django\core\handlers\base.py", line 149, in get_response
    response = self.process_exception_by_middleware(e, request)
  File "E:\Education\GitHub Projects\PhDPortal\env\lib\site-packages\django\core\handlers\base.py", line 147, in get_response
    response = wrapped_callback(request, *callback_args, **callback_kwargs)
  File "E:\Education\GitHub Projects\PhDPortal\env\lib\site-packages\django\contrib\admin\options.py", line 541, in wrapper
    return self.admin_site.admin_view(view)(*args, **kwargs)
  File "E:\Education\GitHub Projects\PhDPortal\env\lib\site-packages\django\utils\decorators.py", line 149, in _wrapped_view
    response = view_func(request, *args, **kwargs)
  File "E:\Education\GitHub Projects\PhDPortal\env\lib\site-packages\django\views\decorators\cache.py", line 57, in _wrapped_view_func
    response = view_func(request, *args, **kwargs)
  File "E:\Education\GitHub Projects\PhDPortal\env\lib\site-packages\django\contrib\admin\sites.py", line 244, in inner
    return view(request, *args, **kwargs)
  File "E:\Education\GitHub Projects\PhDPortal\env\lib\site-packages\django\utils\decorators.py", line 67, in _wrapper
    return bound_func(*args, **kwargs)
  File "E:\Education\GitHub Projects\PhDPortal\env\lib\site-packages\django\utils\decorators.py", line 149, in _wrapped_view
    response = view_func(request, *args, **kwargs)
  File "E:\Education\GitHub Projects\PhDPortal\env\lib\site-packages\django\utils\decorators.py", line 63, in bound_func
    return func.__get__(self, type(self))(*args2, **kwargs2)
  File "E:\Education\GitHub Projects\PhDPortal\env\lib\site-packages\django\contrib\admin\options.py", line 1468, in changelist_view
    self.list_max_show_all, self.list_editable, self)
  File "E:\Education\GitHub Projects\PhDPortal\env\lib\site-packages\django\contrib\admin\views\main.py", line 78, in __init__
    self.queryset = self.get_queryset(request)
  File "E:\Education\GitHub Projects\PhDPortal\env\lib\site-packages\django\contrib\admin\views\main.py", line 356, in get_queryset
    request, qs, self.query)
  File "E:\Education\GitHub Projects\PhDPortal\env\lib\site-packages\django\contrib\admin\options.py", line 900, in get_search_results
    queryset = queryset.filter(reduce(operator.or_, or_queries))
  File "E:\Education\GitHub Projects\PhDPortal\env\lib\site-packages\django\db\models\query.py", line 790, in filter
    return self._filter_or_exclude(False, *args, **kwargs)
  File "E:\Education\GitHub Projects\PhDPortal\env\lib\site-packages\django\db\models\query.py", line 808, in _filter_or_exclude
    clone.query.add_q(Q(*args, **kwargs))
  File "E:\Education\GitHub Projects\PhDPortal\env\lib\site-packages\django\db\models\sql\query.py", line 1243, in add_q
    clause, _ = self._add_q(q_object, self.used_aliases)
  File "E:\Education\GitHub Projects\PhDPortal\env\lib\site-packages\django\db\models\sql\query.py", line 1263, in _add_q
    current_negated, allow_joins, split_subq)
  File "E:\Education\GitHub Projects\PhDPortal\env\lib\site-packages\django\db\models\sql\query.py", line 1269, in _add_q
    allow_joins=allow_joins, split_subq=split_subq,
  File "E:\Education\GitHub Projects\PhDPortal\env\lib\site-packages\django\db\models\sql\query.py", line 1194, in build_filter
    lookup_class = field.get_lookup(lookups[0])
  File "E:\Education\GitHub Projects\PhDPortal\env\lib\site-packages\django\db\models\fields\related.py", line 688, in get_lookup
    raise TypeError('Related Field got invalid lookup: %s' % lookup_name)
TypeError: Related Field got invalid lookup: icontains
2017-04-18 12:10:43 - INFO - views:logout:412 - User angelina successfully logged out
2017-04-18 12:10:48 - INFO - views:login:390 - User anshul successfully authenticated
2017-04-18 12:14:15 - INFO - views:logout:412 - User anshul successfully logged out
2017-04-18 12:14:26 - INFO - views:login:390 - User kishore successfully authenticated
2017-04-18 12:15:14 - INFO - views:logout:412 - User kishore successfully logged out
2017-04-18 12:15:22 - INFO - views:login:390 - User janit successfully authenticated
2017-04-18 12:15:54 - INFO - views:logout:412 - User janit successfully logged out
2017-04-18 12:42:31 - INFO - views:login:390 - User anshul successfully authenticated
2017-04-18 12:54:39 - INFO - views:login:390 - User anshul successfully authenticated
2017-04-18 17:59:39 - INFO - views:login:390 - User anshul successfully authenticated
2017-04-18 18:28:08 - ERROR - base:handle_uncaught_exception:284 - Internal Server Error: /student/keywords/
Traceback (most recent call last):
  File "E:\Education\GitHub Projects\PhDPortal\env\lib\site-packages\django\template\defaulttags.py", line 507, in render
    current_app=current_app)
  File "E:\Education\GitHub Projects\PhDPortal\env\lib\site-packages\django\core\urlresolvers.py", line 600, in reverse
    return force_text(iri_to_uri(resolver._reverse_with_prefix(view, prefix, *args, **kwargs)))
  File "E:\Education\GitHub Projects\PhDPortal\env\lib\site-packages\django\core\urlresolvers.py", line 508, in _reverse_with_prefix
    (lookup_view_s, args, kwargs, len(patterns), patterns))
django.core.urlresolvers.NoReverseMatch: Reverse for 'PhDPortal.search-keywords' with arguments '()' and keyword arguments '{}' not found. 0 pattern(s) tried: []

During handling of the above exception, another exception occurred:

Traceback (most recent call last):
  File "E:\Education\GitHub Projects\PhDPortal\env\lib\site-packages\django\core\handlers\base.py", line 149, in get_response
    response = self.process_exception_by_middleware(e, request)
  File "E:\Education\GitHub Projects\PhDPortal\env\lib\site-packages\django\core\handlers\base.py", line 147, in get_response
    response = wrapped_callback(request, *callback_args, **callback_kwargs)
  File "E:\Education\GitHub Projects\PhDPortal\env\lib\site-packages\django\contrib\auth\decorators.py", line 23, in _wrapped_view
    return view_func(request, *args, **kwargs)
  File "E:\Education\GitHub Projects\PhDPortal\app\student_views.py", line 421, in student_add_keywords
    'thesis_keywords' : thesis_keywords,
  File "E:\Education\GitHub Projects\PhDPortal\env\lib\site-packages\django\shortcuts.py", line 67, in render
    template_name, context, request=request, using=using)
  File "E:\Education\GitHub Projects\PhDPortal\env\lib\site-packages\django\template\loader.py", line 97, in render_to_string
    return template.render(context, request)
  File "E:\Education\GitHub Projects\PhDPortal\env\lib\site-packages\django\template\backends\django.py", line 95, in render
    return self.template.render(context)
  File "E:\Education\GitHub Projects\PhDPortal\env\lib\site-packages\django\template\base.py", line 206, in render
    return self._render(context)
  File "E:\Education\GitHub Projects\PhDPortal\env\lib\site-packages\django\template\base.py", line 197, in _render
    return self.nodelist.render(context)
  File "E:\Education\GitHub Projects\PhDPortal\env\lib\site-packages\django\template\base.py", line 988, in render
    bit = node.render_annotated(context)
  File "E:\Education\GitHub Projects\PhDPortal\env\lib\site-packages\django\template\base.py", line 955, in render_annotated
    return self.render(context)
  File "E:\Education\GitHub Projects\PhDPortal\env\lib\site-packages\django\template\loader_tags.py", line 173, in render
    return compiled_parent._render(context)
  File "E:\Education\GitHub Projects\PhDPortal\env\lib\site-packages\django\template\base.py", line 197, in _render
    return self.nodelist.render(context)
  File "E:\Education\GitHub Projects\PhDPortal\env\lib\site-packages\django\template\base.py", line 988, in render
    bit = node.render_annotated(context)
  File "E:\Education\GitHub Projects\PhDPortal\env\lib\site-packages\django\template\base.py", line 955, in render_annotated
    return self.render(context)
  File "E:\Education\GitHub Projects\PhDPortal\env\lib\site-packages\django\template\loader_tags.py", line 69, in render
    result = block.nodelist.render(context)
  File "E:\Education\GitHub Projects\PhDPortal\env\lib\site-packages\django\template\base.py", line 988, in render
    bit = node.render_annotated(context)
  File "E:\Education\GitHub Projects\PhDPortal\env\lib\site-packages\django\template\base.py", line 955, in render_annotated
    return self.render(context)
  File "E:\Education\GitHub Projects\PhDPortal\env\lib\site-packages\django\template\defaulttags.py", line 326, in render
    return nodelist.render(context)
  File "E:\Education\GitHub Projects\PhDPortal\env\lib\site-packages\django\template\base.py", line 988, in render
    bit = node.render_annotated(context)
  File "E:\Education\GitHub Projects\PhDPortal\env\lib\site-packages\django\template\base.py", line 955, in render_annotated
    return self.render(context)
  File "E:\Education\GitHub Projects\PhDPortal\env\lib\site-packages\django\template\defaulttags.py", line 513, in render
    six.reraise(*exc_info)
  File "E:\Education\GitHub Projects\PhDPortal\env\lib\site-packages\django\utils\six.py", line 686, in reraise
    raise value
  File "E:\Education\GitHub Projects\PhDPortal\env\lib\site-packages\django\template\defaulttags.py", line 499, in render
    url = reverse(view_name, args=args, kwargs=kwargs, current_app=current_app)
  File "E:\Education\GitHub Projects\PhDPortal\env\lib\site-packages\django\core\urlresolvers.py", line 600, in reverse
    return force_text(iri_to_uri(resolver._reverse_with_prefix(view, prefix, *args, **kwargs)))
  File "E:\Education\GitHub Projects\PhDPortal\env\lib\site-packages\django\core\urlresolvers.py", line 508, in _reverse_with_prefix
    (lookup_view_s, args, kwargs, len(patterns), patterns))
django.core.urlresolvers.NoReverseMatch: Reverse for 'search-keywords' with arguments '()' and keyword arguments '{}' not found. 0 pattern(s) tried: []
2017-04-18 18:33:06 - ERROR - base:handle_uncaught_exception:284 - Internal Server Error: /student/keywords/search/
Traceback (most recent call last):
  File "E:\Education\GitHub Projects\PhDPortal\env\lib\site-packages\django\core\handlers\base.py", line 149, in get_response
    response = self.process_exception_by_middleware(e, request)
  File "E:\Education\GitHub Projects\PhDPortal\env\lib\site-packages\django\core\handlers\base.py", line 147, in get_response
    response = wrapped_callback(request, *callback_args, **callback_kwargs)
  File "E:\Education\GitHub Projects\PhDPortal\env\lib\site-packages\django\contrib\auth\decorators.py", line 23, in _wrapped_view
    return view_func(request, *args, **kwargs)
  File "E:\Education\GitHub Projects\PhDPortal\app\student_views.py", line 438, in student_search_keywords
    keywords = IEEEKeyword.objects.icontains(keyword_typed)
AttributeError: 'Manager' object has no attribute 'icontains'
2017-04-18 18:35:51 - ERROR - base:handle_uncaught_exception:284 - Internal Server Error: /student/keywords/search/
Traceback (most recent call last):
  File "E:\Education\GitHub Projects\PhDPortal\env\lib\site-packages\django\core\handlers\base.py", line 149, in get_response
    response = self.process_exception_by_middleware(e, request)
  File "E:\Education\GitHub Projects\PhDPortal\env\lib\site-packages\django\core\handlers\base.py", line 147, in get_response
    response = wrapped_callback(request, *callback_args, **callback_kwargs)
  File "E:\Education\GitHub Projects\PhDPortal\env\lib\site-packages\django\contrib\auth\decorators.py", line 23, in _wrapped_view
    return view_func(request, *args, **kwargs)
  File "E:\Education\GitHub Projects\PhDPortal\app\student_views.py", line 438, in student_search_keywords
    keywords = IEEEKeyword.objects.filter(keyword_icontains = keyword_typed)
  File "E:\Education\GitHub Projects\PhDPortal\env\lib\site-packages\django\db\models\manager.py", line 122, in manager_method
    return getattr(self.get_queryset(), name)(*args, **kwargs)
  File "E:\Education\GitHub Projects\PhDPortal\env\lib\site-packages\django\db\models\query.py", line 790, in filter
    return self._filter_or_exclude(False, *args, **kwargs)
  File "E:\Education\GitHub Projects\PhDPortal\env\lib\site-packages\django\db\models\query.py", line 808, in _filter_or_exclude
    clone.query.add_q(Q(*args, **kwargs))
  File "E:\Education\GitHub Projects\PhDPortal\env\lib\site-packages\django\db\models\sql\query.py", line 1243, in add_q
    clause, _ = self._add_q(q_object, self.used_aliases)
  File "E:\Education\GitHub Projects\PhDPortal\env\lib\site-packages\django\db\models\sql\query.py", line 1269, in _add_q
    allow_joins=allow_joins, split_subq=split_subq,
  File "E:\Education\GitHub Projects\PhDPortal\env\lib\site-packages\django\db\models\sql\query.py", line 1149, in build_filter
    lookups, parts, reffed_expression = self.solve_lookup_type(arg)
  File "E:\Education\GitHub Projects\PhDPortal\env\lib\site-packages\django\db\models\sql\query.py", line 1035, in solve_lookup_type
    _, field, _, lookup_parts = self.names_to_path(lookup_splitted, self.get_meta())
  File "E:\Education\GitHub Projects\PhDPortal\env\lib\site-packages\django\db\models\sql\query.py", line 1330, in names_to_path
    "Choices are: %s" % (name, ", ".join(available)))
django.core.exceptions.FieldError: Cannot resolve keyword 'keyword_icontains' into field. Choices are: id, ieeekeyword, keyword, parent, parent_id, thesiskeyword
2017-04-18 18:36:19 - ERROR - base:handle_uncaught_exception:284 - Internal Server Error: /student/keywords/search/
Traceback (most recent call last):
  File "E:\Education\GitHub Projects\PhDPortal\env\lib\site-packages\django\core\handlers\base.py", line 149, in get_response
    response = self.process_exception_by_middleware(e, request)
  File "E:\Education\GitHub Projects\PhDPortal\env\lib\site-packages\django\core\handlers\base.py", line 147, in get_response
    response = wrapped_callback(request, *callback_args, **callback_kwargs)
  File "E:\Education\GitHub Projects\PhDPortal\env\lib\site-packages\django\contrib\auth\decorators.py", line 23, in _wrapped_view
    return view_func(request, *args, **kwargs)
  File "E:\Education\GitHub Projects\PhDPortal\app\student_views.py", line 440, in student_search_keywords
    return HttpResponse(json.dumps(keywords), content_type = 'application/json')
  File "C:\Python3.6\lib\json\__init__.py", line 231, in dumps
    return _default_encoder.encode(obj)
  File "C:\Python3.6\lib\json\encoder.py", line 199, in encode
    chunks = self.iterencode(o, _one_shot=True)
  File "C:\Python3.6\lib\json\encoder.py", line 257, in iterencode
    return _iterencode(o, 0)
  File "C:\Python3.6\lib\json\encoder.py", line 180, in default
    o.__class__.__name__)
TypeError: Object of type 'QuerySet' is not JSON serializable
2017-04-18 18:38:54 - ERROR - base:handle_uncaught_exception:284 - Internal Server Error: /student/keywords/search/
Traceback (most recent call last):
  File "E:\Education\GitHub Projects\PhDPortal\env\lib\site-packages\django\core\handlers\base.py", line 149, in get_response
    response = self.process_exception_by_middleware(e, request)
  File "E:\Education\GitHub Projects\PhDPortal\env\lib\site-packages\django\core\handlers\base.py", line 147, in get_response
    response = wrapped_callback(request, *callback_args, **callback_kwargs)
  File "E:\Education\GitHub Projects\PhDPortal\env\lib\site-packages\django\contrib\auth\decorators.py", line 23, in _wrapped_view
    return view_func(request, *args, **kwargs)
  File "E:\Education\GitHub Projects\PhDPortal\app\student_views.py", line 440, in student_search_keywords
    return HttpResponse(json.dumps(keywords), content_type = 'application/json')
  File "C:\Python3.6\lib\json\__init__.py", line 231, in dumps
    return _default_encoder.encode(obj)
  File "C:\Python3.6\lib\json\encoder.py", line 199, in encode
    chunks = self.iterencode(o, _one_shot=True)
  File "C:\Python3.6\lib\json\encoder.py", line 257, in iterencode
    return _iterencode(o, 0)
  File "C:\Python3.6\lib\json\encoder.py", line 180, in default
    o.__class__.__name__)
TypeError: Object of type 'IEEEKeyword' is not JSON serializable
2017-04-18 19:20:26 - ERROR - base:handle_uncaught_exception:284 - Internal Server Error: /student/keywords/recommendations/
Traceback (most recent call last):
  File "E:\Education\GitHub Projects\PhDPortal\env\lib\site-packages\django\core\handlers\base.py", line 149, in get_response
    response = self.process_exception_by_middleware(e, request)
  File "E:\Education\GitHub Projects\PhDPortal\env\lib\site-packages\django\core\handlers\base.py", line 147, in get_response
    response = wrapped_callback(request, *callback_args, **callback_kwargs)
  File "E:\Education\GitHub Projects\PhDPortal\env\lib\site-packages\django\contrib\auth\decorators.py", line 23, in _wrapped_view
    return view_func(request, *args, **kwargs)
  File "E:\Education\GitHub Projects\PhDPortal\app\student_views.py", line 456, in student_keyword_recommendations
    thesis = User.objects.get(username = request.session['username']).student.thesis
AttributeError: 'Student' object has no attribute 'thesis'
2017-04-19 18:45:51 - INFO - views:login:390 - User pavan successfully authenticated
2017-04-19 19:49:27 - INFO - views:login:414 - User pavan successfully authenticated
2017-04-19 19:49:57 - ERROR - base:handle_uncaught_exception:284 - Internal Server Error: /guide/feedback/reports/
Traceback (most recent call last):
  File "E:\Education\GitHub Projects\PhDPortal\env\lib\site-packages\django\db\models\fields\related_descriptors.py", line 160, in __get__
    rel_obj = getattr(instance, self.cache_name)
AttributeError: 'PanelMember' object has no attribute '_referee_cache'

During handling of the above exception, another exception occurred:

Traceback (most recent call last):
  File "E:\Education\GitHub Projects\PhDPortal\env\lib\site-packages\django\db\backends\utils.py", line 64, in execute
    return self.cursor.execute(sql, params)
  File "E:\Education\GitHub Projects\PhDPortal\env\lib\site-packages\django\db\backends\sqlite3\base.py", line 323, in execute
    return Database.Cursor.execute(self, query, params)
sqlite3.OperationalError: no such column: app_referee.added_by_id

The above exception was the direct cause of the following exception:

Traceback (most recent call last):
  File "E:\Education\GitHub Projects\PhDPortal\env\lib\site-packages\django\core\handlers\base.py", line 149, in get_response
    response = self.process_exception_by_middleware(e, request)
  File "E:\Education\GitHub Projects\PhDPortal\env\lib\site-packages\django\core\handlers\base.py", line 147, in get_response
    response = wrapped_callback(request, *callback_args, **callback_kwargs)
  File "E:\Education\GitHub Projects\PhDPortal\env\lib\site-packages\django\contrib\auth\decorators.py", line 23, in _wrapped_view
    return view_func(request, *args, **kwargs)
  File "E:\Education\GitHub Projects\PhDPortal\app\guide_views.py", line 1015, in guide_feedback_reports
    report['referee'] = referee.referee.id
  File "E:\Education\GitHub Projects\PhDPortal\env\lib\site-packages\django\db\models\fields\related_descriptors.py", line 169, in __get__
    rel_obj = qs.get()
  File "E:\Education\GitHub Projects\PhDPortal\env\lib\site-packages\django\db\models\query.py", line 381, in get
    num = len(clone)
  File "E:\Education\GitHub Projects\PhDPortal\env\lib\site-packages\django\db\models\query.py", line 240, in __len__
    self._fetch_all()
  File "E:\Education\GitHub Projects\PhDPortal\env\lib\site-packages\django\db\models\query.py", line 1074, in _fetch_all
    self._result_cache = list(self.iterator())
  File "E:\Education\GitHub Projects\PhDPortal\env\lib\site-packages\django\db\models\query.py", line 52, in __iter__
    results = compiler.execute_sql()
  File "E:\Education\GitHub Projects\PhDPortal\env\lib\site-packages\django\db\models\sql\compiler.py", line 852, in execute_sql
    cursor.execute(sql, params)
  File "E:\Education\GitHub Projects\PhDPortal\env\lib\site-packages\django\db\backends\utils.py", line 79, in execute
    return super(CursorDebugWrapper, self).execute(sql, params)
  File "E:\Education\GitHub Projects\PhDPortal\env\lib\site-packages\django\db\backends\utils.py", line 64, in execute
    return self.cursor.execute(sql, params)
  File "E:\Education\GitHub Projects\PhDPortal\env\lib\site-packages\django\db\utils.py", line 95, in __exit__
    six.reraise(dj_exc_type, dj_exc_value, traceback)
  File "E:\Education\GitHub Projects\PhDPortal\env\lib\site-packages\django\utils\six.py", line 685, in reraise
    raise value.with_traceback(tb)
  File "E:\Education\GitHub Projects\PhDPortal\env\lib\site-packages\django\db\backends\utils.py", line 64, in execute
    return self.cursor.execute(sql, params)
  File "E:\Education\GitHub Projects\PhDPortal\env\lib\site-packages\django\db\backends\sqlite3\base.py", line 323, in execute
    return Database.Cursor.execute(self, query, params)
django.db.utils.OperationalError: no such column: app_referee.added_by_id
2017-04-19 19:50:23 - ERROR - base:handle_uncaught_exception:284 - Internal Server Error: /guide/feedback/reports/
Traceback (most recent call last):
  File "E:\Education\GitHub Projects\PhDPortal\env\lib\site-packages\django\db\models\fields\related_descriptors.py", line 160, in __get__
    rel_obj = getattr(instance, self.cache_name)
AttributeError: 'PanelMember' object has no attribute '_referee_cache'

During handling of the above exception, another exception occurred:

Traceback (most recent call last):
  File "E:\Education\GitHub Projects\PhDPortal\env\lib\site-packages\django\db\backends\utils.py", line 64, in execute
    return self.cursor.execute(sql, params)
  File "E:\Education\GitHub Projects\PhDPortal\env\lib\site-packages\django\db\backends\sqlite3\base.py", line 323, in execute
    return Database.Cursor.execute(self, query, params)
sqlite3.OperationalError: no such column: app_referee.added_by_id

The above exception was the direct cause of the following exception:

Traceback (most recent call last):
  File "E:\Education\GitHub Projects\PhDPortal\env\lib\site-packages\django\core\handlers\base.py", line 149, in get_response
    response = self.process_exception_by_middleware(e, request)
  File "E:\Education\GitHub Projects\PhDPortal\env\lib\site-packages\django\core\handlers\base.py", line 147, in get_response
    response = wrapped_callback(request, *callback_args, **callback_kwargs)
  File "E:\Education\GitHub Projects\PhDPortal\env\lib\site-packages\django\contrib\auth\decorators.py", line 23, in _wrapped_view
    return view_func(request, *args, **kwargs)
  File "E:\Education\GitHub Projects\PhDPortal\app\guide_views.py", line 1015, in guide_feedback_reports
    report['referee'] = referee.referee.id
  File "E:\Education\GitHub Projects\PhDPortal\env\lib\site-packages\django\db\models\fields\related_descriptors.py", line 169, in __get__
    rel_obj = qs.get()
  File "E:\Education\GitHub Projects\PhDPortal\env\lib\site-packages\django\db\models\query.py", line 381, in get
    num = len(clone)
  File "E:\Education\GitHub Projects\PhDPortal\env\lib\site-packages\django\db\models\query.py", line 240, in __len__
    self._fetch_all()
  File "E:\Education\GitHub Projects\PhDPortal\env\lib\site-packages\django\db\models\query.py", line 1074, in _fetch_all
    self._result_cache = list(self.iterator())
  File "E:\Education\GitHub Projects\PhDPortal\env\lib\site-packages\django\db\models\query.py", line 52, in __iter__
    results = compiler.execute_sql()
  File "E:\Education\GitHub Projects\PhDPortal\env\lib\site-packages\django\db\models\sql\compiler.py", line 852, in execute_sql
    cursor.execute(sql, params)
  File "E:\Education\GitHub Projects\PhDPortal\env\lib\site-packages\django\db\backends\utils.py", line 79, in execute
    return super(CursorDebugWrapper, self).execute(sql, params)
  File "E:\Education\GitHub Projects\PhDPortal\env\lib\site-packages\django\db\backends\utils.py", line 64, in execute
    return self.cursor.execute(sql, params)
  File "E:\Education\GitHub Projects\PhDPortal\env\lib\site-packages\django\db\utils.py", line 95, in __exit__
    six.reraise(dj_exc_type, dj_exc_value, traceback)
  File "E:\Education\GitHub Projects\PhDPortal\env\lib\site-packages\django\utils\six.py", line 685, in reraise
    raise value.with_traceback(tb)
  File "E:\Education\GitHub Projects\PhDPortal\env\lib\site-packages\django\db\backends\utils.py", line 64, in execute
    return self.cursor.execute(sql, params)
  File "E:\Education\GitHub Projects\PhDPortal\env\lib\site-packages\django\db\backends\sqlite3\base.py", line 323, in execute
    return Database.Cursor.execute(self, query, params)
django.db.utils.OperationalError: no such column: app_referee.added_by_id
2017-04-19 19:55:46 - ERROR - base:handle_uncaught_exception:284 - Internal Server Error: /guide/panel/referees/foreign/
Traceback (most recent call last):
  File "E:\Education\GitHub Projects\PhDPortal\env\lib\site-packages\django\db\backends\utils.py", line 64, in execute
    return self.cursor.execute(sql, params)
  File "E:\Education\GitHub Projects\PhDPortal\env\lib\site-packages\django\db\backends\sqlite3\base.py", line 323, in execute
    return Database.Cursor.execute(self, query, params)
sqlite3.OperationalError: no such column: app_referee.added_by_id

The above exception was the direct cause of the following exception:

Traceback (most recent call last):
  File "E:\Education\GitHub Projects\PhDPortal\env\lib\site-packages\django\core\handlers\base.py", line 149, in get_response
    response = self.process_exception_by_middleware(e, request)
  File "E:\Education\GitHub Projects\PhDPortal\env\lib\site-packages\django\core\handlers\base.py", line 147, in get_response
    response = wrapped_callback(request, *callback_args, **callback_kwargs)
  File "E:\Education\GitHub Projects\PhDPortal\env\lib\site-packages\django\contrib\auth\decorators.py", line 23, in _wrapped_view
    return view_func(request, *args, **kwargs)
  File "E:\Education\GitHub Projects\PhDPortal\app\guide_views.py", line 640, in guide_get_foreign_referee_details
    return HttpResponse(json.dumps(_get_referee_details(name, 'F')), content_type = 'application/json')
  File "E:\Education\GitHub Projects\PhDPortal\app\guide_views.py", line 618, in _get_referee_details
    for referee in referees:
  File "E:\Education\GitHub Projects\PhDPortal\env\lib\site-packages\django\db\models\query.py", line 258, in __iter__
    self._fetch_all()
  File "E:\Education\GitHub Projects\PhDPortal\env\lib\site-packages\django\db\models\query.py", line 1074, in _fetch_all
    self._result_cache = list(self.iterator())
  File "E:\Education\GitHub Projects\PhDPortal\env\lib\site-packages\django\db\models\query.py", line 52, in __iter__
    results = compiler.execute_sql()
  File "E:\Education\GitHub Projects\PhDPortal\env\lib\site-packages\django\db\models\sql\compiler.py", line 852, in execute_sql
    cursor.execute(sql, params)
  File "E:\Education\GitHub Projects\PhDPortal\env\lib\site-packages\django\db\backends\utils.py", line 79, in execute
    return super(CursorDebugWrapper, self).execute(sql, params)
  File "E:\Education\GitHub Projects\PhDPortal\env\lib\site-packages\django\db\backends\utils.py", line 64, in execute
    return self.cursor.execute(sql, params)
  File "E:\Education\GitHub Projects\PhDPortal\env\lib\site-packages\django\db\utils.py", line 95, in __exit__
    six.reraise(dj_exc_type, dj_exc_value, traceback)
  File "E:\Education\GitHub Projects\PhDPortal\env\lib\site-packages\django\utils\six.py", line 685, in reraise
    raise value.with_traceback(tb)
  File "E:\Education\GitHub Projects\PhDPortal\env\lib\site-packages\django\db\backends\utils.py", line 64, in execute
    return self.cursor.execute(sql, params)
  File "E:\Education\GitHub Projects\PhDPortal\env\lib\site-packages\django\db\backends\sqlite3\base.py", line 323, in execute
    return Database.Cursor.execute(self, query, params)
django.db.utils.OperationalError: no such column: app_referee.added_by_id
2017-04-19 19:55:47 - ERROR - base:handle_uncaught_exception:284 - Internal Server Error: /guide/panel/referees/foreign/
Traceback (most recent call last):
  File "E:\Education\GitHub Projects\PhDPortal\env\lib\site-packages\django\db\backends\utils.py", line 64, in execute
    return self.cursor.execute(sql, params)
  File "E:\Education\GitHub Projects\PhDPortal\env\lib\site-packages\django\db\backends\sqlite3\base.py", line 323, in execute
    return Database.Cursor.execute(self, query, params)
sqlite3.OperationalError: no such column: app_referee.added_by_id

The above exception was the direct cause of the following exception:

Traceback (most recent call last):
  File "E:\Education\GitHub Projects\PhDPortal\env\lib\site-packages\django\core\handlers\base.py", line 149, in get_response
    response = self.process_exception_by_middleware(e, request)
  File "E:\Education\GitHub Projects\PhDPortal\env\lib\site-packages\django\core\handlers\base.py", line 147, in get_response
    response = wrapped_callback(request, *callback_args, **callback_kwargs)
  File "E:\Education\GitHub Projects\PhDPortal\env\lib\site-packages\django\contrib\auth\decorators.py", line 23, in _wrapped_view
    return view_func(request, *args, **kwargs)
  File "E:\Education\GitHub Projects\PhDPortal\app\guide_views.py", line 640, in guide_get_foreign_referee_details
    return HttpResponse(json.dumps(_get_referee_details(name, 'F')), content_type = 'application/json')
  File "E:\Education\GitHub Projects\PhDPortal\app\guide_views.py", line 618, in _get_referee_details
    for referee in referees:
  File "E:\Education\GitHub Projects\PhDPortal\env\lib\site-packages\django\db\models\query.py", line 258, in __iter__
    self._fetch_all()
  File "E:\Education\GitHub Projects\PhDPortal\env\lib\site-packages\django\db\models\query.py", line 1074, in _fetch_all
    self._result_cache = list(self.iterator())
  File "E:\Education\GitHub Projects\PhDPortal\env\lib\site-packages\django\db\models\query.py", line 52, in __iter__
    results = compiler.execute_sql()
  File "E:\Education\GitHub Projects\PhDPortal\env\lib\site-packages\django\db\models\sql\compiler.py", line 852, in execute_sql
    cursor.execute(sql, params)
  File "E:\Education\GitHub Projects\PhDPortal\env\lib\site-packages\django\db\backends\utils.py", line 79, in execute
    return super(CursorDebugWrapper, self).execute(sql, params)
  File "E:\Education\GitHub Projects\PhDPortal\env\lib\site-packages\django\db\backends\utils.py", line 64, in execute
    return self.cursor.execute(sql, params)
  File "E:\Education\GitHub Projects\PhDPortal\env\lib\site-packages\django\db\utils.py", line 95, in __exit__
    six.reraise(dj_exc_type, dj_exc_value, traceback)
  File "E:\Education\GitHub Projects\PhDPortal\env\lib\site-packages\django\utils\six.py", line 685, in reraise
    raise value.with_traceback(tb)
  File "E:\Education\GitHub Projects\PhDPortal\env\lib\site-packages\django\db\backends\utils.py", line 64, in execute
    return self.cursor.execute(sql, params)
  File "E:\Education\GitHub Projects\PhDPortal\env\lib\site-packages\django\db\backends\sqlite3\base.py", line 323, in execute
    return Database.Cursor.execute(self, query, params)
django.db.utils.OperationalError: no such column: app_referee.added_by_id
2017-04-19 19:55:48 - ERROR - base:handle_uncaught_exception:284 - Internal Server Error: /guide/panel/referees/foreign/
Traceback (most recent call last):
  File "E:\Education\GitHub Projects\PhDPortal\env\lib\site-packages\django\db\backends\utils.py", line 64, in execute
    return self.cursor.execute(sql, params)
  File "E:\Education\GitHub Projects\PhDPortal\env\lib\site-packages\django\db\backends\sqlite3\base.py", line 323, in execute
    return Database.Cursor.execute(self, query, params)
sqlite3.OperationalError: no such column: app_referee.added_by_id

The above exception was the direct cause of the following exception:

Traceback (most recent call last):
  File "E:\Education\GitHub Projects\PhDPortal\env\lib\site-packages\django\core\handlers\base.py", line 149, in get_response
    response = self.process_exception_by_middleware(e, request)
  File "E:\Education\GitHub Projects\PhDPortal\env\lib\site-packages\django\core\handlers\base.py", line 147, in get_response
    response = wrapped_callback(request, *callback_args, **callback_kwargs)
  File "E:\Education\GitHub Projects\PhDPortal\env\lib\site-packages\django\contrib\auth\decorators.py", line 23, in _wrapped_view
    return view_func(request, *args, **kwargs)
  File "E:\Education\GitHub Projects\PhDPortal\app\guide_views.py", line 640, in guide_get_foreign_referee_details
    return HttpResponse(json.dumps(_get_referee_details(name, 'F')), content_type = 'application/json')
  File "E:\Education\GitHub Projects\PhDPortal\app\guide_views.py", line 618, in _get_referee_details
    for referee in referees:
  File "E:\Education\GitHub Projects\PhDPortal\env\lib\site-packages\django\db\models\query.py", line 258, in __iter__
    self._fetch_all()
  File "E:\Education\GitHub Projects\PhDPortal\env\lib\site-packages\django\db\models\query.py", line 1074, in _fetch_all
    self._result_cache = list(self.iterator())
  File "E:\Education\GitHub Projects\PhDPortal\env\lib\site-packages\django\db\models\query.py", line 52, in __iter__
    results = compiler.execute_sql()
  File "E:\Education\GitHub Projects\PhDPortal\env\lib\site-packages\django\db\models\sql\compiler.py", line 852, in execute_sql
    cursor.execute(sql, params)
  File "E:\Education\GitHub Projects\PhDPortal\env\lib\site-packages\django\db\backends\utils.py", line 79, in execute
    return super(CursorDebugWrapper, self).execute(sql, params)
  File "E:\Education\GitHub Projects\PhDPortal\env\lib\site-packages\django\db\backends\utils.py", line 64, in execute
    return self.cursor.execute(sql, params)
  File "E:\Education\GitHub Projects\PhDPortal\env\lib\site-packages\django\db\utils.py", line 95, in __exit__
    six.reraise(dj_exc_type, dj_exc_value, traceback)
  File "E:\Education\GitHub Projects\PhDPortal\env\lib\site-packages\django\utils\six.py", line 685, in reraise
    raise value.with_traceback(tb)
  File "E:\Education\GitHub Projects\PhDPortal\env\lib\site-packages\django\db\backends\utils.py", line 64, in execute
    return self.cursor.execute(sql, params)
  File "E:\Education\GitHub Projects\PhDPortal\env\lib\site-packages\django\db\backends\sqlite3\base.py", line 323, in execute
    return Database.Cursor.execute(self, query, params)
django.db.utils.OperationalError: no such column: app_referee.added_by_id
2017-04-19 19:55:55 - ERROR - base:handle_uncaught_exception:284 - Internal Server Error: /guide/panel/referees/foreign/
Traceback (most recent call last):
  File "E:\Education\GitHub Projects\PhDPortal\env\lib\site-packages\django\db\backends\utils.py", line 64, in execute
    return self.cursor.execute(sql, params)
  File "E:\Education\GitHub Projects\PhDPortal\env\lib\site-packages\django\db\backends\sqlite3\base.py", line 323, in execute
    return Database.Cursor.execute(self, query, params)
sqlite3.OperationalError: no such column: app_referee.added_by_id

The above exception was the direct cause of the following exception:

Traceback (most recent call last):
  File "E:\Education\GitHub Projects\PhDPortal\env\lib\site-packages\django\core\handlers\base.py", line 149, in get_response
    response = self.process_exception_by_middleware(e, request)
  File "E:\Education\GitHub Projects\PhDPortal\env\lib\site-packages\django\core\handlers\base.py", line 147, in get_response
    response = wrapped_callback(request, *callback_args, **callback_kwargs)
  File "E:\Education\GitHub Projects\PhDPortal\env\lib\site-packages\django\contrib\auth\decorators.py", line 23, in _wrapped_view
    return view_func(request, *args, **kwargs)
  File "E:\Education\GitHub Projects\PhDPortal\app\guide_views.py", line 640, in guide_get_foreign_referee_details
    return HttpResponse(json.dumps(_get_referee_details(name, 'F')), content_type = 'application/json')
  File "E:\Education\GitHub Projects\PhDPortal\app\guide_views.py", line 618, in _get_referee_details
    for referee in referees:
  File "E:\Education\GitHub Projects\PhDPortal\env\lib\site-packages\django\db\models\query.py", line 258, in __iter__
    self._fetch_all()
  File "E:\Education\GitHub Projects\PhDPortal\env\lib\site-packages\django\db\models\query.py", line 1074, in _fetch_all
    self._result_cache = list(self.iterator())
  File "E:\Education\GitHub Projects\PhDPortal\env\lib\site-packages\django\db\models\query.py", line 52, in __iter__
    results = compiler.execute_sql()
  File "E:\Education\GitHub Projects\PhDPortal\env\lib\site-packages\django\db\models\sql\compiler.py", line 852, in execute_sql
    cursor.execute(sql, params)
  File "E:\Education\GitHub Projects\PhDPortal\env\lib\site-packages\django\db\backends\utils.py", line 79, in execute
    return super(CursorDebugWrapper, self).execute(sql, params)
  File "E:\Education\GitHub Projects\PhDPortal\env\lib\site-packages\django\db\backends\utils.py", line 64, in execute
    return self.cursor.execute(sql, params)
  File "E:\Education\GitHub Projects\PhDPortal\env\lib\site-packages\django\db\utils.py", line 95, in __exit__
    six.reraise(dj_exc_type, dj_exc_value, traceback)
  File "E:\Education\GitHub Projects\PhDPortal\env\lib\site-packages\django\utils\six.py", line 685, in reraise
    raise value.with_traceback(tb)
  File "E:\Education\GitHub Projects\PhDPortal\env\lib\site-packages\django\db\backends\utils.py", line 64, in execute
    return self.cursor.execute(sql, params)
  File "E:\Education\GitHub Projects\PhDPortal\env\lib\site-packages\django\db\backends\sqlite3\base.py", line 323, in execute
    return Database.Cursor.execute(self, query, params)
django.db.utils.OperationalError: no such column: app_referee.added_by_id
2017-04-19 19:59:36 - ERROR - base:handle_uncaught_exception:284 - Internal Server Error: /guide/panel/referees/foreign/
Traceback (most recent call last):
  File "E:\Education\GitHub Projects\PhDPortal\env\lib\site-packages\django\db\backends\utils.py", line 64, in execute
    return self.cursor.execute(sql, params)
  File "E:\Education\GitHub Projects\PhDPortal\env\lib\site-packages\django\db\backends\sqlite3\base.py", line 323, in execute
    return Database.Cursor.execute(self, query, params)
sqlite3.OperationalError: no such column: app_referee.added_by_id

The above exception was the direct cause of the following exception:

Traceback (most recent call last):
  File "E:\Education\GitHub Projects\PhDPortal\env\lib\site-packages\django\core\handlers\base.py", line 149, in get_response
    response = self.process_exception_by_middleware(e, request)
  File "E:\Education\GitHub Projects\PhDPortal\env\lib\site-packages\django\core\handlers\base.py", line 147, in get_response
    response = wrapped_callback(request, *callback_args, **callback_kwargs)
  File "E:\Education\GitHub Projects\PhDPortal\env\lib\site-packages\django\contrib\auth\decorators.py", line 23, in _wrapped_view
    return view_func(request, *args, **kwargs)
  File "E:\Education\GitHub Projects\PhDPortal\app\guide_views.py", line 640, in guide_get_foreign_referee_details
    return HttpResponse(json.dumps(_get_referee_details(name, 'F')), content_type = 'application/json')
  File "E:\Education\GitHub Projects\PhDPortal\app\guide_views.py", line 618, in _get_referee_details
    for referee in referees:
  File "E:\Education\GitHub Projects\PhDPortal\env\lib\site-packages\django\db\models\query.py", line 258, in __iter__
    self._fetch_all()
  File "E:\Education\GitHub Projects\PhDPortal\env\lib\site-packages\django\db\models\query.py", line 1074, in _fetch_all
    self._result_cache = list(self.iterator())
  File "E:\Education\GitHub Projects\PhDPortal\env\lib\site-packages\django\db\models\query.py", line 52, in __iter__
    results = compiler.execute_sql()
  File "E:\Education\GitHub Projects\PhDPortal\env\lib\site-packages\django\db\models\sql\compiler.py", line 852, in execute_sql
    cursor.execute(sql, params)
  File "E:\Education\GitHub Projects\PhDPortal\env\lib\site-packages\django\db\backends\utils.py", line 79, in execute
    return super(CursorDebugWrapper, self).execute(sql, params)
  File "E:\Education\GitHub Projects\PhDPortal\env\lib\site-packages\django\db\backends\utils.py", line 64, in execute
    return self.cursor.execute(sql, params)
  File "E:\Education\GitHub Projects\PhDPortal\env\lib\site-packages\django\db\utils.py", line 95, in __exit__
    six.reraise(dj_exc_type, dj_exc_value, traceback)
  File "E:\Education\GitHub Projects\PhDPortal\env\lib\site-packages\django\utils\six.py", line 685, in reraise
    raise value.with_traceback(tb)
  File "E:\Education\GitHub Projects\PhDPortal\env\lib\site-packages\django\db\backends\utils.py", line 64, in execute
    return self.cursor.execute(sql, params)
  File "E:\Education\GitHub Projects\PhDPortal\env\lib\site-packages\django\db\backends\sqlite3\base.py", line 323, in execute
    return Database.Cursor.execute(self, query, params)
django.db.utils.OperationalError: no such column: app_referee.added_by_id
2017-04-19 20:01:00 - INFO - views:login:414 - User pavan successfully authenticated
2017-04-19 20:04:04 - ERROR - base:handle_uncaught_exception:284 - Internal Server Error: /guide/panel/referees/foreign/
Traceback (most recent call last):
  File "E:\Education\GitHub Projects\PhDPortal\env\lib\site-packages\django\utils\datastructures.py", line 83, in __getitem__
    list_ = super(MultiValueDict, self).__getitem__(key)
KeyError: 'term'

During handling of the above exception, another exception occurred:

Traceback (most recent call last):
  File "E:\Education\GitHub Projects\PhDPortal\env\lib\site-packages\django\core\handlers\base.py", line 149, in get_response
    response = self.process_exception_by_middleware(e, request)
  File "E:\Education\GitHub Projects\PhDPortal\env\lib\site-packages\django\core\handlers\base.py", line 147, in get_response
    response = wrapped_callback(request, *callback_args, **callback_kwargs)
  File "E:\Education\GitHub Projects\PhDPortal\env\lib\site-packages\django\contrib\auth\decorators.py", line 23, in _wrapped_view
    return view_func(request, *args, **kwargs)
  File "E:\Education\GitHub Projects\PhDPortal\app\guide_views.py", line 638, in guide_get_foreign_referee_details
    name = request.GET['term']
  File "E:\Education\GitHub Projects\PhDPortal\env\lib\site-packages\django\utils\datastructures.py", line 85, in __getitem__
    raise MultiValueDictKeyError(repr(key))
django.utils.datastructures.MultiValueDictKeyError: "'term'"
2017-04-19 20:04:05 - ERROR - base:handle_uncaught_exception:284 - Internal Server Error: /guide/panel/referees/foreign/
Traceback (most recent call last):
  File "E:\Education\GitHub Projects\PhDPortal\env\lib\site-packages\django\utils\datastructures.py", line 83, in __getitem__
    list_ = super(MultiValueDict, self).__getitem__(key)
KeyError: 'term'

During handling of the above exception, another exception occurred:

Traceback (most recent call last):
  File "E:\Education\GitHub Projects\PhDPortal\env\lib\site-packages\django\core\handlers\base.py", line 149, in get_response
    response = self.process_exception_by_middleware(e, request)
  File "E:\Education\GitHub Projects\PhDPortal\env\lib\site-packages\django\core\handlers\base.py", line 147, in get_response
    response = wrapped_callback(request, *callback_args, **callback_kwargs)
  File "E:\Education\GitHub Projects\PhDPortal\env\lib\site-packages\django\contrib\auth\decorators.py", line 23, in _wrapped_view
    return view_func(request, *args, **kwargs)
  File "E:\Education\GitHub Projects\PhDPortal\app\guide_views.py", line 638, in guide_get_foreign_referee_details
    name = request.GET['term']
  File "E:\Education\GitHub Projects\PhDPortal\env\lib\site-packages\django\utils\datastructures.py", line 85, in __getitem__
    raise MultiValueDictKeyError(repr(key))
django.utils.datastructures.MultiValueDictKeyError: "'term'"
2017-04-19 20:04:06 - ERROR - base:handle_uncaught_exception:284 - Internal Server Error: /guide/panel/referees/foreign/
Traceback (most recent call last):
  File "E:\Education\GitHub Projects\PhDPortal\env\lib\site-packages\django\utils\datastructures.py", line 83, in __getitem__
    list_ = super(MultiValueDict, self).__getitem__(key)
KeyError: 'term'

During handling of the above exception, another exception occurred:

Traceback (most recent call last):
  File "E:\Education\GitHub Projects\PhDPortal\env\lib\site-packages\django\core\handlers\base.py", line 149, in get_response
    response = self.process_exception_by_middleware(e, request)
  File "E:\Education\GitHub Projects\PhDPortal\env\lib\site-packages\django\core\handlers\base.py", line 147, in get_response
    response = wrapped_callback(request, *callback_args, **callback_kwargs)
  File "E:\Education\GitHub Projects\PhDPortal\env\lib\site-packages\django\contrib\auth\decorators.py", line 23, in _wrapped_view
    return view_func(request, *args, **kwargs)
  File "E:\Education\GitHub Projects\PhDPortal\app\guide_views.py", line 638, in guide_get_foreign_referee_details
    name = request.GET['term']
  File "E:\Education\GitHub Projects\PhDPortal\env\lib\site-packages\django\utils\datastructures.py", line 85, in __getitem__
    raise MultiValueDictKeyError(repr(key))
django.utils.datastructures.MultiValueDictKeyError: "'term'"
2017-04-19 20:04:07 - ERROR - base:handle_uncaught_exception:284 - Internal Server Error: /guide/panel/referees/foreign/
Traceback (most recent call last):
  File "E:\Education\GitHub Projects\PhDPortal\env\lib\site-packages\django\utils\datastructures.py", line 83, in __getitem__
    list_ = super(MultiValueDict, self).__getitem__(key)
KeyError: 'term'

During handling of the above exception, another exception occurred:

Traceback (most recent call last):
  File "E:\Education\GitHub Projects\PhDPortal\env\lib\site-packages\django\core\handlers\base.py", line 149, in get_response
    response = self.process_exception_by_middleware(e, request)
  File "E:\Education\GitHub Projects\PhDPortal\env\lib\site-packages\django\core\handlers\base.py", line 147, in get_response
    response = wrapped_callback(request, *callback_args, **callback_kwargs)
  File "E:\Education\GitHub Projects\PhDPortal\env\lib\site-packages\django\contrib\auth\decorators.py", line 23, in _wrapped_view
    return view_func(request, *args, **kwargs)
  File "E:\Education\GitHub Projects\PhDPortal\app\guide_views.py", line 638, in guide_get_foreign_referee_details
    name = request.GET['term']
  File "E:\Education\GitHub Projects\PhDPortal\env\lib\site-packages\django\utils\datastructures.py", line 85, in __getitem__
    raise MultiValueDictKeyError(repr(key))
django.utils.datastructures.MultiValueDictKeyError: "'term'"
2017-04-19 20:04:07 - ERROR - base:handle_uncaught_exception:284 - Internal Server Error: /guide/panel/referees/foreign/
Traceback (most recent call last):
  File "E:\Education\GitHub Projects\PhDPortal\env\lib\site-packages\django\utils\datastructures.py", line 83, in __getitem__
    list_ = super(MultiValueDict, self).__getitem__(key)
KeyError: 'term'

During handling of the above exception, another exception occurred:

Traceback (most recent call last):
  File "E:\Education\GitHub Projects\PhDPortal\env\lib\site-packages\django\core\handlers\base.py", line 149, in get_response
    response = self.process_exception_by_middleware(e, request)
  File "E:\Education\GitHub Projects\PhDPortal\env\lib\site-packages\django\core\handlers\base.py", line 147, in get_response
    response = wrapped_callback(request, *callback_args, **callback_kwargs)
  File "E:\Education\GitHub Projects\PhDPortal\env\lib\site-packages\django\contrib\auth\decorators.py", line 23, in _wrapped_view
    return view_func(request, *args, **kwargs)
  File "E:\Education\GitHub Projects\PhDPortal\app\guide_views.py", line 638, in guide_get_foreign_referee_details
    name = request.GET['term']
  File "E:\Education\GitHub Projects\PhDPortal\env\lib\site-packages\django\utils\datastructures.py", line 85, in __getitem__
    raise MultiValueDictKeyError(repr(key))
django.utils.datastructures.MultiValueDictKeyError: "'term'"
2017-04-19 20:04:37 - ERROR - base:handle_uncaught_exception:284 - Internal Server Error: /guide/panel/referees/foreign/
Traceback (most recent call last):
  File "E:\Education\GitHub Projects\PhDPortal\env\lib\site-packages\django\utils\datastructures.py", line 83, in __getitem__
    list_ = super(MultiValueDict, self).__getitem__(key)
KeyError: 'term'

During handling of the above exception, another exception occurred:

Traceback (most recent call last):
  File "E:\Education\GitHub Projects\PhDPortal\env\lib\site-packages\django\core\handlers\base.py", line 149, in get_response
    response = self.process_exception_by_middleware(e, request)
  File "E:\Education\GitHub Projects\PhDPortal\env\lib\site-packages\django\core\handlers\base.py", line 147, in get_response
    response = wrapped_callback(request, *callback_args, **callback_kwargs)
  File "E:\Education\GitHub Projects\PhDPortal\env\lib\site-packages\django\contrib\auth\decorators.py", line 23, in _wrapped_view
    return view_func(request, *args, **kwargs)
  File "E:\Education\GitHub Projects\PhDPortal\app\guide_views.py", line 638, in guide_get_foreign_referee_details
    name = request.GET['term']
  File "E:\Education\GitHub Projects\PhDPortal\env\lib\site-packages\django\utils\datastructures.py", line 85, in __getitem__
    raise MultiValueDictKeyError(repr(key))
django.utils.datastructures.MultiValueDictKeyError: "'term'"
2017-04-19 20:04:37 - ERROR - base:handle_uncaught_exception:284 - Internal Server Error: /guide/panel/referees/foreign/
Traceback (most recent call last):
  File "E:\Education\GitHub Projects\PhDPortal\env\lib\site-packages\django\utils\datastructures.py", line 83, in __getitem__
    list_ = super(MultiValueDict, self).__getitem__(key)
KeyError: 'term'

During handling of the above exception, another exception occurred:

Traceback (most recent call last):
  File "E:\Education\GitHub Projects\PhDPortal\env\lib\site-packages\django\core\handlers\base.py", line 149, in get_response
    response = self.process_exception_by_middleware(e, request)
  File "E:\Education\GitHub Projects\PhDPortal\env\lib\site-packages\django\core\handlers\base.py", line 147, in get_response
    response = wrapped_callback(request, *callback_args, **callback_kwargs)
  File "E:\Education\GitHub Projects\PhDPortal\env\lib\site-packages\django\contrib\auth\decorators.py", line 23, in _wrapped_view
    return view_func(request, *args, **kwargs)
  File "E:\Education\GitHub Projects\PhDPortal\app\guide_views.py", line 638, in guide_get_foreign_referee_details
    name = request.GET['term']
  File "E:\Education\GitHub Projects\PhDPortal\env\lib\site-packages\django\utils\datastructures.py", line 85, in __getitem__
    raise MultiValueDictKeyError(repr(key))
django.utils.datastructures.MultiValueDictKeyError: "'term'"
2017-04-19 20:04:37 - ERROR - base:handle_uncaught_exception:284 - Internal Server Error: /guide/panel/referees/foreign/
Traceback (most recent call last):
  File "E:\Education\GitHub Projects\PhDPortal\env\lib\site-packages\django\utils\datastructures.py", line 83, in __getitem__
    list_ = super(MultiValueDict, self).__getitem__(key)
KeyError: 'term'

During handling of the above exception, another exception occurred:

Traceback (most recent call last):
  File "E:\Education\GitHub Projects\PhDPortal\env\lib\site-packages\django\core\handlers\base.py", line 149, in get_response
    response = self.process_exception_by_middleware(e, request)
  File "E:\Education\GitHub Projects\PhDPortal\env\lib\site-packages\django\core\handlers\base.py", line 147, in get_response
    response = wrapped_callback(request, *callback_args, **callback_kwargs)
  File "E:\Education\GitHub Projects\PhDPortal\env\lib\site-packages\django\contrib\auth\decorators.py", line 23, in _wrapped_view
    return view_func(request, *args, **kwargs)
  File "E:\Education\GitHub Projects\PhDPortal\app\guide_views.py", line 638, in guide_get_foreign_referee_details
    name = request.GET['term']
  File "E:\Education\GitHub Projects\PhDPortal\env\lib\site-packages\django\utils\datastructures.py", line 85, in __getitem__
    raise MultiValueDictKeyError(repr(key))
django.utils.datastructures.MultiValueDictKeyError: "'term'"
2017-04-19 20:04:57 - ERROR - base:handle_uncaught_exception:284 - Internal Server Error: /guide/panel/referees/foreign/
Traceback (most recent call last):
  File "E:\Education\GitHub Projects\PhDPortal\env\lib\site-packages\django\utils\datastructures.py", line 83, in __getitem__
    list_ = super(MultiValueDict, self).__getitem__(key)
KeyError: 'term'

During handling of the above exception, another exception occurred:

Traceback (most recent call last):
  File "E:\Education\GitHub Projects\PhDPortal\env\lib\site-packages\django\core\handlers\base.py", line 149, in get_response
    response = self.process_exception_by_middleware(e, request)
  File "E:\Education\GitHub Projects\PhDPortal\env\lib\site-packages\django\core\handlers\base.py", line 147, in get_response
    response = wrapped_callback(request, *callback_args, **callback_kwargs)
  File "E:\Education\GitHub Projects\PhDPortal\env\lib\site-packages\django\contrib\auth\decorators.py", line 23, in _wrapped_view
    return view_func(request, *args, **kwargs)
  File "E:\Education\GitHub Projects\PhDPortal\app\guide_views.py", line 638, in guide_get_foreign_referee_details
    name = request.GET['term']
  File "E:\Education\GitHub Projects\PhDPortal\env\lib\site-packages\django\utils\datastructures.py", line 85, in __getitem__
    raise MultiValueDictKeyError(repr(key))
django.utils.datastructures.MultiValueDictKeyError: "'term'"
2017-04-19 20:04:58 - ERROR - base:handle_uncaught_exception:284 - Internal Server Error: /guide/panel/referees/foreign/
Traceback (most recent call last):
  File "E:\Education\GitHub Projects\PhDPortal\env\lib\site-packages\django\utils\datastructures.py", line 83, in __getitem__
    list_ = super(MultiValueDict, self).__getitem__(key)
KeyError: 'term'

During handling of the above exception, another exception occurred:

Traceback (most recent call last):
  File "E:\Education\GitHub Projects\PhDPortal\env\lib\site-packages\django\core\handlers\base.py", line 149, in get_response
    response = self.process_exception_by_middleware(e, request)
  File "E:\Education\GitHub Projects\PhDPortal\env\lib\site-packages\django\core\handlers\base.py", line 147, in get_response
    response = wrapped_callback(request, *callback_args, **callback_kwargs)
  File "E:\Education\GitHub Projects\PhDPortal\env\lib\site-packages\django\contrib\auth\decorators.py", line 23, in _wrapped_view
    return view_func(request, *args, **kwargs)
  File "E:\Education\GitHub Projects\PhDPortal\app\guide_views.py", line 638, in guide_get_foreign_referee_details
    name = request.GET['term']
  File "E:\Education\GitHub Projects\PhDPortal\env\lib\site-packages\django\utils\datastructures.py", line 85, in __getitem__
    raise MultiValueDictKeyError(repr(key))
django.utils.datastructures.MultiValueDictKeyError: "'term'"
2017-04-19 20:07:27 - ERROR - base:handle_uncaught_exception:284 - Internal Server Error: /guide/panel/referees/foreign/
Traceback (most recent call last):
  File "E:\Education\GitHub Projects\PhDPortal\env\lib\site-packages\django\utils\datastructures.py", line 83, in __getitem__
    list_ = super(MultiValueDict, self).__getitem__(key)
KeyError: 'term'

During handling of the above exception, another exception occurred:

Traceback (most recent call last):
  File "E:\Education\GitHub Projects\PhDPortal\env\lib\site-packages\django\core\handlers\base.py", line 149, in get_response
    response = self.process_exception_by_middleware(e, request)
  File "E:\Education\GitHub Projects\PhDPortal\env\lib\site-packages\django\core\handlers\base.py", line 147, in get_response
    response = wrapped_callback(request, *callback_args, **callback_kwargs)
  File "E:\Education\GitHub Projects\PhDPortal\env\lib\site-packages\django\contrib\auth\decorators.py", line 23, in _wrapped_view
    return view_func(request, *args, **kwargs)
  File "E:\Education\GitHub Projects\PhDPortal\app\guide_views.py", line 638, in guide_get_foreign_referee_details
    name = request.GET['term']
  File "E:\Education\GitHub Projects\PhDPortal\env\lib\site-packages\django\utils\datastructures.py", line 85, in __getitem__
    raise MultiValueDictKeyError(repr(key))
django.utils.datastructures.MultiValueDictKeyError: "'term'"
2017-04-19 20:34:36 - INFO - views:login:414 - User gcnandi successfully authenticated
2017-04-19 20:35:03 - INFO - views:logout:436 - User gcnandi successfully logged out
2017-04-19 20:35:07 - INFO - views:login:414 - User pavan successfully authenticated
2017-04-19 20:36:27 - INFO - guide_views:guide_save_panel_members:915 - 4   shanu
2017-04-19 20:36:27 - INFO - guide_views:guide_save_panel_members:915 - 2   shanu
2017-04-19 20:36:27 - INFO - guide_views:guide_save_panel_members:915 - 1   shanu
2017-04-19 20:36:27 - INFO - guide_views:guide_save_panel_members:915 - 6   shanu
2017-04-19 20:36:35 - INFO - guide_views:guide_send_panel_to_director:797 - Before_Deletion
2017-04-19 20:36:35 - INFO - guide_views:guide_send_panel_to_director:801 - After_Deletion
2017-04-19 20:36:36 - INFO - guide_views:guide_send_panel_to_director:827 - here
2017-04-19 20:36:36 - INFO - guide_views:guide_send_panel_to_director:840 - True
2017-04-19 20:36:42 - INFO - views:logout:436 - User pavan successfully logged out
2017-04-19 20:36:48 - INFO - views:login:414 - User gcnandi successfully authenticated
2017-04-19 20:58:52 - ERROR - base:handle_uncaught_exception:284 - Internal Server Error: /director/evaluate/
Traceback (most recent call last):
  File "E:\Education\GitHub Projects\PhDPortal\env\lib\site-packages\django\template\defaulttags.py", line 507, in render
    current_app=current_app)
  File "E:\Education\GitHub Projects\PhDPortal\env\lib\site-packages\django\core\urlresolvers.py", line 600, in reverse
    return force_text(iri_to_uri(resolver._reverse_with_prefix(view, prefix, *args, **kwargs)))
  File "E:\Education\GitHub Projects\PhDPortal\env\lib\site-packages\django\core\urlresolvers.py", line 508, in _reverse_with_prefix
    (lookup_view_s, args, kwargs, len(patterns), patterns))
django.core.urlresolvers.NoReverseMatch: Reverse for 'PhDPortal.director_add_panel_members' with arguments '()' and keyword arguments '{}' not found. 0 pattern(s) tried: []

During handling of the above exception, another exception occurred:

Traceback (most recent call last):
  File "E:\Education\GitHub Projects\PhDPortal\env\lib\site-packages\django\core\handlers\base.py", line 149, in get_response
    response = self.process_exception_by_middleware(e, request)
  File "E:\Education\GitHub Projects\PhDPortal\env\lib\site-packages\django\core\handlers\base.py", line 147, in get_response
    response = wrapped_callback(request, *callback_args, **callback_kwargs)
  File "E:\Education\GitHub Projects\PhDPortal\env\lib\site-packages\django\contrib\auth\decorators.py", line 23, in _wrapped_view
    return view_func(request, *args, **kwargs)
  File "E:\Education\GitHub Projects\PhDPortal\app\director_views.py", line 145, in director_submit_for_evaluation
    'all_list' : all_list
  File "E:\Education\GitHub Projects\PhDPortal\env\lib\site-packages\django\shortcuts.py", line 67, in render
    template_name, context, request=request, using=using)
  File "E:\Education\GitHub Projects\PhDPortal\env\lib\site-packages\django\template\loader.py", line 97, in render_to_string
    return template.render(context, request)
  File "E:\Education\GitHub Projects\PhDPortal\env\lib\site-packages\django\template\backends\django.py", line 95, in render
    return self.template.render(context)
  File "E:\Education\GitHub Projects\PhDPortal\env\lib\site-packages\django\template\base.py", line 206, in render
    return self._render(context)
  File "E:\Education\GitHub Projects\PhDPortal\env\lib\site-packages\django\template\base.py", line 197, in _render
    return self.nodelist.render(context)
  File "E:\Education\GitHub Projects\PhDPortal\env\lib\site-packages\django\template\base.py", line 988, in render
    bit = node.render_annotated(context)
  File "E:\Education\GitHub Projects\PhDPortal\env\lib\site-packages\django\template\base.py", line 955, in render_annotated
    return self.render(context)
  File "E:\Education\GitHub Projects\PhDPortal\env\lib\site-packages\django\template\loader_tags.py", line 173, in render
    return compiled_parent._render(context)
  File "E:\Education\GitHub Projects\PhDPortal\env\lib\site-packages\django\template\base.py", line 197, in _render
    return self.nodelist.render(context)
  File "E:\Education\GitHub Projects\PhDPortal\env\lib\site-packages\django\template\base.py", line 988, in render
    bit = node.render_annotated(context)
  File "E:\Education\GitHub Projects\PhDPortal\env\lib\site-packages\django\template\base.py", line 955, in render_annotated
    return self.render(context)
  File "E:\Education\GitHub Projects\PhDPortal\env\lib\site-packages\django\template\loader_tags.py", line 69, in render
    result = block.nodelist.render(context)
  File "E:\Education\GitHub Projects\PhDPortal\env\lib\site-packages\django\template\base.py", line 988, in render
    bit = node.render_annotated(context)
  File "E:\Education\GitHub Projects\PhDPortal\env\lib\site-packages\django\template\base.py", line 955, in render_annotated
    return self.render(context)
  File "E:\Education\GitHub Projects\PhDPortal\env\lib\site-packages\django\template\defaulttags.py", line 220, in render
    nodelist.append(node.render_annotated(context))
  File "E:\Education\GitHub Projects\PhDPortal\env\lib\site-packages\django\template\base.py", line 955, in render_annotated
    return self.render(context)
  File "E:\Education\GitHub Projects\PhDPortal\env\lib\site-packages\django\template\defaulttags.py", line 513, in render
    six.reraise(*exc_info)
  File "E:\Education\GitHub Projects\PhDPortal\env\lib\site-packages\django\utils\six.py", line 686, in reraise
    raise value
  File "E:\Education\GitHub Projects\PhDPortal\env\lib\site-packages\django\template\defaulttags.py", line 499, in render
    url = reverse(view_name, args=args, kwargs=kwargs, current_app=current_app)
  File "E:\Education\GitHub Projects\PhDPortal\env\lib\site-packages\django\core\urlresolvers.py", line 600, in reverse
    return force_text(iri_to_uri(resolver._reverse_with_prefix(view, prefix, *args, **kwargs)))
  File "E:\Education\GitHub Projects\PhDPortal\env\lib\site-packages\django\core\urlresolvers.py", line 508, in _reverse_with_prefix
    (lookup_view_s, args, kwargs, len(patterns), patterns))
django.core.urlresolvers.NoReverseMatch: Reverse for 'director_add_panel_members' with arguments '()' and keyword arguments '{}' not found. 0 pattern(s) tried: []
2017-04-19 20:59:42 - ERROR - base:handle_uncaught_exception:284 - Internal Server Error: /director/evaluate/
Traceback (most recent call last):
  File "E:\Education\GitHub Projects\PhDPortal\env\lib\site-packages\django\template\defaulttags.py", line 507, in render
    current_app=current_app)
  File "E:\Education\GitHub Projects\PhDPortal\env\lib\site-packages\django\core\urlresolvers.py", line 600, in reverse
    return force_text(iri_to_uri(resolver._reverse_with_prefix(view, prefix, *args, **kwargs)))
  File "E:\Education\GitHub Projects\PhDPortal\env\lib\site-packages\django\core\urlresolvers.py", line 508, in _reverse_with_prefix
    (lookup_view_s, args, kwargs, len(patterns), patterns))
django.core.urlresolvers.NoReverseMatch: Reverse for 'PhDPortal.director_add_panel_members' with arguments '()' and keyword arguments '{}' not found. 0 pattern(s) tried: []

During handling of the above exception, another exception occurred:

Traceback (most recent call last):
  File "E:\Education\GitHub Projects\PhDPortal\env\lib\site-packages\django\core\handlers\base.py", line 149, in get_response
    response = self.process_exception_by_middleware(e, request)
  File "E:\Education\GitHub Projects\PhDPortal\env\lib\site-packages\django\core\handlers\base.py", line 147, in get_response
    response = wrapped_callback(request, *callback_args, **callback_kwargs)
  File "E:\Education\GitHub Projects\PhDPortal\env\lib\site-packages\django\contrib\auth\decorators.py", line 23, in _wrapped_view
    return view_func(request, *args, **kwargs)
  File "E:\Education\GitHub Projects\PhDPortal\app\director_views.py", line 145, in director_submit_for_evaluation
    'all_list' : all_list
  File "E:\Education\GitHub Projects\PhDPortal\env\lib\site-packages\django\shortcuts.py", line 67, in render
    template_name, context, request=request, using=using)
  File "E:\Education\GitHub Projects\PhDPortal\env\lib\site-packages\django\template\loader.py", line 97, in render_to_string
    return template.render(context, request)
  File "E:\Education\GitHub Projects\PhDPortal\env\lib\site-packages\django\template\backends\django.py", line 95, in render
    return self.template.render(context)
  File "E:\Education\GitHub Projects\PhDPortal\env\lib\site-packages\django\template\base.py", line 206, in render
    return self._render(context)
  File "E:\Education\GitHub Projects\PhDPortal\env\lib\site-packages\django\template\base.py", line 197, in _render
    return self.nodelist.render(context)
  File "E:\Education\GitHub Projects\PhDPortal\env\lib\site-packages\django\template\base.py", line 988, in render
    bit = node.render_annotated(context)
  File "E:\Education\GitHub Projects\PhDPortal\env\lib\site-packages\django\template\base.py", line 955, in render_annotated
    return self.render(context)
  File "E:\Education\GitHub Projects\PhDPortal\env\lib\site-packages\django\template\loader_tags.py", line 173, in render
    return compiled_parent._render(context)
  File "E:\Education\GitHub Projects\PhDPortal\env\lib\site-packages\django\template\base.py", line 197, in _render
    return self.nodelist.render(context)
  File "E:\Education\GitHub Projects\PhDPortal\env\lib\site-packages\django\template\base.py", line 988, in render
    bit = node.render_annotated(context)
  File "E:\Education\GitHub Projects\PhDPortal\env\lib\site-packages\django\template\base.py", line 955, in render_annotated
    return self.render(context)
  File "E:\Education\GitHub Projects\PhDPortal\env\lib\site-packages\django\template\loader_tags.py", line 69, in render
    result = block.nodelist.render(context)
  File "E:\Education\GitHub Projects\PhDPortal\env\lib\site-packages\django\template\base.py", line 988, in render
    bit = node.render_annotated(context)
  File "E:\Education\GitHub Projects\PhDPortal\env\lib\site-packages\django\template\base.py", line 955, in render_annotated
    return self.render(context)
  File "E:\Education\GitHub Projects\PhDPortal\env\lib\site-packages\django\template\defaulttags.py", line 220, in render
    nodelist.append(node.render_annotated(context))
  File "E:\Education\GitHub Projects\PhDPortal\env\lib\site-packages\django\template\base.py", line 955, in render_annotated
    return self.render(context)
  File "E:\Education\GitHub Projects\PhDPortal\env\lib\site-packages\django\template\defaulttags.py", line 513, in render
    six.reraise(*exc_info)
  File "E:\Education\GitHub Projects\PhDPortal\env\lib\site-packages\django\utils\six.py", line 686, in reraise
    raise value
  File "E:\Education\GitHub Projects\PhDPortal\env\lib\site-packages\django\template\defaulttags.py", line 499, in render
    url = reverse(view_name, args=args, kwargs=kwargs, current_app=current_app)
  File "E:\Education\GitHub Projects\PhDPortal\env\lib\site-packages\django\core\urlresolvers.py", line 600, in reverse
    return force_text(iri_to_uri(resolver._reverse_with_prefix(view, prefix, *args, **kwargs)))
  File "E:\Education\GitHub Projects\PhDPortal\env\lib\site-packages\django\core\urlresolvers.py", line 508, in _reverse_with_prefix
    (lookup_view_s, args, kwargs, len(patterns), patterns))
django.core.urlresolvers.NoReverseMatch: Reverse for 'director_add_panel_members' with arguments '()' and keyword arguments '{}' not found. 0 pattern(s) tried: []
2017-04-19 21:00:36 - WARNING - csrf:_reject:103 - Forbidden (CSRF token missing or incorrect.): /director/panel/add/
2017-04-19 21:01:18 - WARNING - csrf:_reject:103 - Forbidden (CSRF token missing or incorrect.): /director/panel/add/
2017-04-19 21:01:39 - WARNING - csrf:_reject:103 - Forbidden (CSRF token missing or incorrect.): /director/panel/add/
2017-04-19 21:03:28 - ERROR - base:handle_uncaught_exception:284 - Internal Server Error: /director/panel/add/
Traceback (most recent call last):
  File "E:\Education\GitHub Projects\PhDPortal\env\lib\site-packages\django\core\handlers\base.py", line 158, in get_response
    % (callback.__module__, view_name))
ValueError: The view app.director_views.director_add_panel_members didn't return an HttpResponse object. It returned None instead.
2017-04-19 21:04:01 - ERROR - base:handle_uncaught_exception:284 - Internal Server Error: /director/panel/add/
Traceback (most recent call last):
  File "E:\Education\GitHub Projects\PhDPortal\env\lib\site-packages\django\core\handlers\base.py", line 158, in get_response
    % (callback.__module__, view_name))
ValueError: The view app.director_views.director_add_panel_members didn't return an HttpResponse object. It returned None instead.
2017-04-19 21:04:25 - ERROR - base:handle_uncaught_exception:284 - Internal Server Error: /director/panel/add/
Traceback (most recent call last):
  File "E:\Education\GitHub Projects\PhDPortal\env\lib\site-packages\django\core\handlers\base.py", line 158, in get_response
    % (callback.__module__, view_name))
ValueError: The view app.director_views.director_add_panel_members didn't return an HttpResponse object. It returned None instead.
2017-04-19 21:05:19 - ERROR - base:handle_uncaught_exception:284 - Internal Server Error: /director/panel/add/
Traceback (most recent call last):
  File "E:\Education\GitHub Projects\PhDPortal\env\lib\site-packages\django\core\handlers\base.py", line 158, in get_response
    % (callback.__module__, view_name))
ValueError: The view app.director_views.director_add_panel_members didn't return an HttpResponse object. It returned None instead.
2017-04-20 10:26:53 - INFO - views:login:414 - User dinesh successfully authenticated
2017-04-20 10:27:41 - INFO - views:login:414 - User dinesh successfully authenticated
2017-04-20 10:28:32 - INFO - views:login:414 - User dinesh successfully authenticated
2017-04-20 10:31:25 - INFO - views:login:414 - User rahul successfully authenticated
2017-04-20 10:53:06 - ERROR - base:handle_uncaught_exception:284 - Internal Server Error: /user/search/query/
Traceback (most recent call last):
  File "E:\Education\GitHub Projects\PhDPortal\env\lib\site-packages\django\core\handlers\base.py", line 149, in get_response
    response = self.process_exception_by_middleware(e, request)
  File "E:\Education\GitHub Projects\PhDPortal\env\lib\site-packages\django\core\handlers\base.py", line 147, in get_response
    response = wrapped_callback(request, *callback_args, **callback_kwargs)
  File "E:\Education\GitHub Projects\PhDPortal\env\lib\site-packages\django\contrib\auth\decorators.py", line 23, in _wrapped_view
    return view_func(request, *args, **kwargs)
  File "E:\Education\GitHub Projects\PhDPortal\app\views.py", line 706, in search_user_query
    if first_name.upper() in user_first_name.upper():
AttributeError: 'NoneType' object has no attribute 'upper'
2017-04-20 10:53:06 - ERROR - base:handle_uncaught_exception:284 - Internal Server Error: /user/search/query/
Traceback (most recent call last):
  File "E:\Education\GitHub Projects\PhDPortal\env\lib\site-packages\django\core\handlers\base.py", line 149, in get_response
    response = self.process_exception_by_middleware(e, request)
  File "E:\Education\GitHub Projects\PhDPortal\env\lib\site-packages\django\core\handlers\base.py", line 147, in get_response
    response = wrapped_callback(request, *callback_args, **callback_kwargs)
  File "E:\Education\GitHub Projects\PhDPortal\env\lib\site-packages\django\contrib\auth\decorators.py", line 23, in _wrapped_view
    return view_func(request, *args, **kwargs)
  File "E:\Education\GitHub Projects\PhDPortal\app\views.py", line 706, in search_user_query
    if first_name.upper() in user_first_name.upper():
AttributeError: 'NoneType' object has no attribute 'upper'
2017-04-20 10:53:06 - ERROR - base:handle_uncaught_exception:284 - Internal Server Error: /user/search/query/
Traceback (most recent call last):
  File "E:\Education\GitHub Projects\PhDPortal\env\lib\site-packages\django\core\handlers\base.py", line 149, in get_response
    response = self.process_exception_by_middleware(e, request)
  File "E:\Education\GitHub Projects\PhDPortal\env\lib\site-packages\django\core\handlers\base.py", line 147, in get_response
    response = wrapped_callback(request, *callback_args, **callback_kwargs)
  File "E:\Education\GitHub Projects\PhDPortal\env\lib\site-packages\django\contrib\auth\decorators.py", line 23, in _wrapped_view
    return view_func(request, *args, **kwargs)
  File "E:\Education\GitHub Projects\PhDPortal\app\views.py", line 706, in search_user_query
    if first_name.upper() in user_first_name.upper():
AttributeError: 'NoneType' object has no attribute 'upper'
2017-04-20 10:53:06 - ERROR - base:handle_uncaught_exception:284 - Internal Server Error: /user/search/query/
Traceback (most recent call last):
  File "E:\Education\GitHub Projects\PhDPortal\env\lib\site-packages\django\core\handlers\base.py", line 149, in get_response
    response = self.process_exception_by_middleware(e, request)
  File "E:\Education\GitHub Projects\PhDPortal\env\lib\site-packages\django\core\handlers\base.py", line 147, in get_response
    response = wrapped_callback(request, *callback_args, **callback_kwargs)
  File "E:\Education\GitHub Projects\PhDPortal\env\lib\site-packages\django\contrib\auth\decorators.py", line 23, in _wrapped_view
    return view_func(request, *args, **kwargs)
  File "E:\Education\GitHub Projects\PhDPortal\app\views.py", line 706, in search_user_query
    if first_name.upper() in user_first_name.upper():
AttributeError: 'NoneType' object has no attribute 'upper'
2017-04-20 10:55:23 - ERROR - base:handle_uncaught_exception:284 - Internal Server Error: /user/search/query/
Traceback (most recent call last):
  File "E:\Education\GitHub Projects\PhDPortal\env\lib\site-packages\django\core\handlers\base.py", line 149, in get_response
    response = self.process_exception_by_middleware(e, request)
  File "E:\Education\GitHub Projects\PhDPortal\env\lib\site-packages\django\core\handlers\base.py", line 147, in get_response
    response = wrapped_callback(request, *callback_args, **callback_kwargs)
  File "E:\Education\GitHub Projects\PhDPortal\env\lib\site-packages\django\contrib\auth\decorators.py", line 23, in _wrapped_view
    return view_func(request, *args, **kwargs)
  File "E:\Education\GitHub Projects\PhDPortal\app\views.py", line 706, in search_user_query
    if first_name.upper() in user_first_name.upper():
AttributeError: 'NoneType' object has no attribute 'upper'
2017-04-20 10:58:28 - ERROR - base:handle_uncaught_exception:284 - Internal Server Error: /user/search/query/
Traceback (most recent call last):
  File "E:\Education\GitHub Projects\PhDPortal\env\lib\site-packages\django\core\handlers\base.py", line 149, in get_response
    response = self.process_exception_by_middleware(e, request)
  File "E:\Education\GitHub Projects\PhDPortal\env\lib\site-packages\django\core\handlers\base.py", line 147, in get_response
    response = wrapped_callback(request, *callback_args, **callback_kwargs)
  File "E:\Education\GitHub Projects\PhDPortal\env\lib\site-packages\django\contrib\auth\decorators.py", line 23, in _wrapped_view
    return view_func(request, *args, **kwargs)
  File "E:\Education\GitHub Projects\PhDPortal\app\views.py", line 692, in search_user_query
    print('Queried User type = ' + user_type)
TypeError: must be str, not NoneType
2017-04-20 11:02:18 - ERROR - base:handle_uncaught_exception:284 - Internal Server Error: /user/search/query/
Traceback (most recent call last):
  File "E:\Education\GitHub Projects\PhDPortal\env\lib\site-packages\django\core\handlers\base.py", line 149, in get_response
    response = self.process_exception_by_middleware(e, request)
  File "E:\Education\GitHub Projects\PhDPortal\env\lib\site-packages\django\core\handlers\base.py", line 147, in get_response
    response = wrapped_callback(request, *callback_args, **callback_kwargs)
  File "E:\Education\GitHub Projects\PhDPortal\env\lib\site-packages\django\contrib\auth\decorators.py", line 23, in _wrapped_view
    return view_func(request, *args, **kwargs)
  File "E:\Education\GitHub Projects\PhDPortal\app\views.py", line 692, in search_user_query
    print('Queried User type = ' + user_type)
TypeError: must be str, not NoneType
2017-04-20 11:02:47 - ERROR - base:handle_uncaught_exception:284 - Internal Server Error: /user/search/query/
Traceback (most recent call last):
  File "E:\Education\GitHub Projects\PhDPortal\env\lib\site-packages\django\core\handlers\base.py", line 149, in get_response
    response = self.process_exception_by_middleware(e, request)
  File "E:\Education\GitHub Projects\PhDPortal\env\lib\site-packages\django\core\handlers\base.py", line 147, in get_response
    response = wrapped_callback(request, *callback_args, **callback_kwargs)
  File "E:\Education\GitHub Projects\PhDPortal\env\lib\site-packages\django\contrib\auth\decorators.py", line 23, in _wrapped_view
    return view_func(request, *args, **kwargs)
  File "E:\Education\GitHub Projects\PhDPortal\app\views.py", line 694, in search_user_query
    print('Queried User type = ' + user_type)
TypeError: must be str, not NoneType
2017-04-20 11:04:31 - ERROR - base:handle_uncaught_exception:284 - Internal Server Error: /user/search/query/
Traceback (most recent call last):
  File "E:\Education\GitHub Projects\PhDPortal\env\lib\site-packages\django\core\handlers\base.py", line 149, in get_response
    response = self.process_exception_by_middleware(e, request)
  File "E:\Education\GitHub Projects\PhDPortal\env\lib\site-packages\django\core\handlers\base.py", line 147, in get_response
    response = wrapped_callback(request, *callback_args, **callback_kwargs)
  File "E:\Education\GitHub Projects\PhDPortal\env\lib\site-packages\django\contrib\auth\decorators.py", line 23, in _wrapped_view
    return view_func(request, *args, **kwargs)
  File "E:\Education\GitHub Projects\PhDPortal\app\views.py", line 712, in search_user_query
    if first_name.upper() in user_first_name.upper():
AttributeError: 'NoneType' object has no attribute 'upper'
2017-04-20 11:09:14 - INFO - guide_views:guide_evaluate_unevaluated_abstract:184 - SHANU
2017-04-20 11:09:25 - INFO - views:logout:438 - User rahul successfully logged out
2017-04-20 11:09:37 - INFO - views:login:416 - User sanjeev successfully authenticated
2017-04-20 11:10:02 - INFO - guide_views:guide_evaluate_unevaluated_abstract:184 - SHANU
2017-04-20 11:10:13 - ERROR - base:handle_uncaught_exception:284 - Internal Server Error: /student/keywords/
Traceback (most recent call last):
  File "E:\Education\GitHub Projects\PhDPortal\env\lib\site-packages\django\template\defaulttags.py", line 507, in render
    current_app=current_app)
  File "E:\Education\GitHub Projects\PhDPortal\env\lib\site-packages\django\core\urlresolvers.py", line 600, in reverse
    return force_text(iri_to_uri(resolver._reverse_with_prefix(view, prefix, *args, **kwargs)))
  File "E:\Education\GitHub Projects\PhDPortal\env\lib\site-packages\django\core\urlresolvers.py", line 508, in _reverse_with_prefix
    (lookup_view_s, args, kwargs, len(patterns), patterns))
django.core.urlresolvers.NoReverseMatch: Reverse for 'PhDPortal.student_search_keywords' with arguments '()' and keyword arguments '{}' not found. 0 pattern(s) tried: []

During handling of the above exception, another exception occurred:

Traceback (most recent call last):
  File "E:\Education\GitHub Projects\PhDPortal\env\lib\site-packages\django\core\handlers\base.py", line 149, in get_response
    response = self.process_exception_by_middleware(e, request)
  File "E:\Education\GitHub Projects\PhDPortal\env\lib\site-packages\django\core\handlers\base.py", line 147, in get_response
    response = wrapped_callback(request, *callback_args, **callback_kwargs)
  File "E:\Education\GitHub Projects\PhDPortal\env\lib\site-packages\django\contrib\auth\decorators.py", line 23, in _wrapped_view
    return view_func(request, *args, **kwargs)
  File "E:\Education\GitHub Projects\PhDPortal\app\student_views.py", line 421, in student_add_keywords
    'thesis_keywords' : thesis_keywords,
  File "E:\Education\GitHub Projects\PhDPortal\env\lib\site-packages\django\shortcuts.py", line 67, in render
    template_name, context, request=request, using=using)
  File "E:\Education\GitHub Projects\PhDPortal\env\lib\site-packages\django\template\loader.py", line 97, in render_to_string
    return template.render(context, request)
  File "E:\Education\GitHub Projects\PhDPortal\env\lib\site-packages\django\template\backends\django.py", line 95, in render
    return self.template.render(context)
  File "E:\Education\GitHub Projects\PhDPortal\env\lib\site-packages\django\template\base.py", line 206, in render
    return self._render(context)
  File "E:\Education\GitHub Projects\PhDPortal\env\lib\site-packages\django\template\base.py", line 197, in _render
    return self.nodelist.render(context)
  File "E:\Education\GitHub Projects\PhDPortal\env\lib\site-packages\django\template\base.py", line 988, in render
    bit = node.render_annotated(context)
  File "E:\Education\GitHub Projects\PhDPortal\env\lib\site-packages\django\template\base.py", line 955, in render_annotated
    return self.render(context)
  File "E:\Education\GitHub Projects\PhDPortal\env\lib\site-packages\django\template\loader_tags.py", line 173, in render
    return compiled_parent._render(context)
  File "E:\Education\GitHub Projects\PhDPortal\env\lib\site-packages\django\template\base.py", line 197, in _render
    return self.nodelist.render(context)
  File "E:\Education\GitHub Projects\PhDPortal\env\lib\site-packages\django\template\base.py", line 988, in render
    bit = node.render_annotated(context)
  File "E:\Education\GitHub Projects\PhDPortal\env\lib\site-packages\django\template\base.py", line 955, in render_annotated
    return self.render(context)
  File "E:\Education\GitHub Projects\PhDPortal\env\lib\site-packages\django\template\loader_tags.py", line 69, in render
    result = block.nodelist.render(context)
  File "E:\Education\GitHub Projects\PhDPortal\env\lib\site-packages\django\template\base.py", line 988, in render
    bit = node.render_annotated(context)
  File "E:\Education\GitHub Projects\PhDPortal\env\lib\site-packages\django\template\base.py", line 955, in render_annotated
    return self.render(context)
  File "E:\Education\GitHub Projects\PhDPortal\env\lib\site-packages\django\template\defaulttags.py", line 326, in render
    return nodelist.render(context)
  File "E:\Education\GitHub Projects\PhDPortal\env\lib\site-packages\django\template\base.py", line 988, in render
    bit = node.render_annotated(context)
  File "E:\Education\GitHub Projects\PhDPortal\env\lib\site-packages\django\template\base.py", line 955, in render_annotated
    return self.render(context)
  File "E:\Education\GitHub Projects\PhDPortal\env\lib\site-packages\django\template\defaulttags.py", line 513, in render
    six.reraise(*exc_info)
  File "E:\Education\GitHub Projects\PhDPortal\env\lib\site-packages\django\utils\six.py", line 686, in reraise
    raise value
  File "E:\Education\GitHub Projects\PhDPortal\env\lib\site-packages\django\template\defaulttags.py", line 499, in render
    url = reverse(view_name, args=args, kwargs=kwargs, current_app=current_app)
  File "E:\Education\GitHub Projects\PhDPortal\env\lib\site-packages\django\core\urlresolvers.py", line 600, in reverse
    return force_text(iri_to_uri(resolver._reverse_with_prefix(view, prefix, *args, **kwargs)))
  File "E:\Education\GitHub Projects\PhDPortal\env\lib\site-packages\django\core\urlresolvers.py", line 508, in _reverse_with_prefix
    (lookup_view_s, args, kwargs, len(patterns), patterns))
django.core.urlresolvers.NoReverseMatch: Reverse for 'student_search_keywords' with arguments '()' and keyword arguments '{}' not found. 0 pattern(s) tried: []
2017-04-20 11:11:43 - ERROR - base:handle_uncaught_exception:284 - Internal Server Error: /student/keywords/
Traceback (most recent call last):
  File "E:\Education\GitHub Projects\PhDPortal\env\lib\site-packages\django\template\defaulttags.py", line 507, in render
    current_app=current_app)
  File "E:\Education\GitHub Projects\PhDPortal\env\lib\site-packages\django\core\urlresolvers.py", line 600, in reverse
    return force_text(iri_to_uri(resolver._reverse_with_prefix(view, prefix, *args, **kwargs)))
  File "E:\Education\GitHub Projects\PhDPortal\env\lib\site-packages\django\core\urlresolvers.py", line 508, in _reverse_with_prefix
    (lookup_view_s, args, kwargs, len(patterns), patterns))
django.core.urlresolvers.NoReverseMatch: Reverse for 'PhDPortal.student_search_keywords' with arguments '()' and keyword arguments '{}' not found. 0 pattern(s) tried: []

During handling of the above exception, another exception occurred:

Traceback (most recent call last):
  File "E:\Education\GitHub Projects\PhDPortal\env\lib\site-packages\django\core\handlers\base.py", line 149, in get_response
    response = self.process_exception_by_middleware(e, request)
  File "E:\Education\GitHub Projects\PhDPortal\env\lib\site-packages\django\core\handlers\base.py", line 147, in get_response
    response = wrapped_callback(request, *callback_args, **callback_kwargs)
  File "E:\Education\GitHub Projects\PhDPortal\env\lib\site-packages\django\contrib\auth\decorators.py", line 23, in _wrapped_view
    return view_func(request, *args, **kwargs)
  File "E:\Education\GitHub Projects\PhDPortal\app\student_views.py", line 421, in student_add_keywords
    'thesis_keywords' : thesis_keywords,
  File "E:\Education\GitHub Projects\PhDPortal\env\lib\site-packages\django\shortcuts.py", line 67, in render
    template_name, context, request=request, using=using)
  File "E:\Education\GitHub Projects\PhDPortal\env\lib\site-packages\django\template\loader.py", line 97, in render_to_string
    return template.render(context, request)
  File "E:\Education\GitHub Projects\PhDPortal\env\lib\site-packages\django\template\backends\django.py", line 95, in render
    return self.template.render(context)
  File "E:\Education\GitHub Projects\PhDPortal\env\lib\site-packages\django\template\base.py", line 206, in render
    return self._render(context)
  File "E:\Education\GitHub Projects\PhDPortal\env\lib\site-packages\django\template\base.py", line 197, in _render
    return self.nodelist.render(context)
  File "E:\Education\GitHub Projects\PhDPortal\env\lib\site-packages\django\template\base.py", line 988, in render
    bit = node.render_annotated(context)
  File "E:\Education\GitHub Projects\PhDPortal\env\lib\site-packages\django\template\base.py", line 955, in render_annotated
    return self.render(context)
  File "E:\Education\GitHub Projects\PhDPortal\env\lib\site-packages\django\template\loader_tags.py", line 173, in render
    return compiled_parent._render(context)
  File "E:\Education\GitHub Projects\PhDPortal\env\lib\site-packages\django\template\base.py", line 197, in _render
    return self.nodelist.render(context)
  File "E:\Education\GitHub Projects\PhDPortal\env\lib\site-packages\django\template\base.py", line 988, in render
    bit = node.render_annotated(context)
  File "E:\Education\GitHub Projects\PhDPortal\env\lib\site-packages\django\template\base.py", line 955, in render_annotated
    return self.render(context)
  File "E:\Education\GitHub Projects\PhDPortal\env\lib\site-packages\django\template\loader_tags.py", line 69, in render
    result = block.nodelist.render(context)
  File "E:\Education\GitHub Projects\PhDPortal\env\lib\site-packages\django\template\base.py", line 988, in render
    bit = node.render_annotated(context)
  File "E:\Education\GitHub Projects\PhDPortal\env\lib\site-packages\django\template\base.py", line 955, in render_annotated
    return self.render(context)
  File "E:\Education\GitHub Projects\PhDPortal\env\lib\site-packages\django\template\defaulttags.py", line 326, in render
    return nodelist.render(context)
  File "E:\Education\GitHub Projects\PhDPortal\env\lib\site-packages\django\template\base.py", line 988, in render
    bit = node.render_annotated(context)
  File "E:\Education\GitHub Projects\PhDPortal\env\lib\site-packages\django\template\base.py", line 955, in render_annotated
    return self.render(context)
  File "E:\Education\GitHub Projects\PhDPortal\env\lib\site-packages\django\template\defaulttags.py", line 513, in render
    six.reraise(*exc_info)
  File "E:\Education\GitHub Projects\PhDPortal\env\lib\site-packages\django\utils\six.py", line 686, in reraise
    raise value
  File "E:\Education\GitHub Projects\PhDPortal\env\lib\site-packages\django\template\defaulttags.py", line 499, in render
    url = reverse(view_name, args=args, kwargs=kwargs, current_app=current_app)
  File "E:\Education\GitHub Projects\PhDPortal\env\lib\site-packages\django\core\urlresolvers.py", line 600, in reverse
    return force_text(iri_to_uri(resolver._reverse_with_prefix(view, prefix, *args, **kwargs)))
  File "E:\Education\GitHub Projects\PhDPortal\env\lib\site-packages\django\core\urlresolvers.py", line 508, in _reverse_with_prefix
    (lookup_view_s, args, kwargs, len(patterns), patterns))
django.core.urlresolvers.NoReverseMatch: Reverse for 'student_search_keywords' with arguments '()' and keyword arguments '{}' not found. 0 pattern(s) tried: []
2017-04-20 11:12:00 - ERROR - base:handle_uncaught_exception:284 - Internal Server Error: /student/keywords/
Traceback (most recent call last):
  File "E:\Education\GitHub Projects\PhDPortal\env\lib\site-packages\django\template\defaulttags.py", line 507, in render
    current_app=current_app)
  File "E:\Education\GitHub Projects\PhDPortal\env\lib\site-packages\django\core\urlresolvers.py", line 600, in reverse
    return force_text(iri_to_uri(resolver._reverse_with_prefix(view, prefix, *args, **kwargs)))
  File "E:\Education\GitHub Projects\PhDPortal\env\lib\site-packages\django\core\urlresolvers.py", line 508, in _reverse_with_prefix
    (lookup_view_s, args, kwargs, len(patterns), patterns))
django.core.urlresolvers.NoReverseMatch: Reverse for 'PhDPortal.student_keyword_recommendations' with arguments '()' and keyword arguments '{}' not found. 0 pattern(s) tried: []

During handling of the above exception, another exception occurred:

Traceback (most recent call last):
  File "E:\Education\GitHub Projects\PhDPortal\env\lib\site-packages\django\core\handlers\base.py", line 149, in get_response
    response = self.process_exception_by_middleware(e, request)
  File "E:\Education\GitHub Projects\PhDPortal\env\lib\site-packages\django\core\handlers\base.py", line 147, in get_response
    response = wrapped_callback(request, *callback_args, **callback_kwargs)
  File "E:\Education\GitHub Projects\PhDPortal\env\lib\site-packages\django\contrib\auth\decorators.py", line 23, in _wrapped_view
    return view_func(request, *args, **kwargs)
  File "E:\Education\GitHub Projects\PhDPortal\app\student_views.py", line 421, in student_add_keywords
    'thesis_keywords' : thesis_keywords,
  File "E:\Education\GitHub Projects\PhDPortal\env\lib\site-packages\django\shortcuts.py", line 67, in render
    template_name, context, request=request, using=using)
  File "E:\Education\GitHub Projects\PhDPortal\env\lib\site-packages\django\template\loader.py", line 97, in render_to_string
    return template.render(context, request)
  File "E:\Education\GitHub Projects\PhDPortal\env\lib\site-packages\django\template\backends\django.py", line 95, in render
    return self.template.render(context)
  File "E:\Education\GitHub Projects\PhDPortal\env\lib\site-packages\django\template\base.py", line 206, in render
    return self._render(context)
  File "E:\Education\GitHub Projects\PhDPortal\env\lib\site-packages\django\template\base.py", line 197, in _render
    return self.nodelist.render(context)
  File "E:\Education\GitHub Projects\PhDPortal\env\lib\site-packages\django\template\base.py", line 988, in render
    bit = node.render_annotated(context)
  File "E:\Education\GitHub Projects\PhDPortal\env\lib\site-packages\django\template\base.py", line 955, in render_annotated
    return self.render(context)
  File "E:\Education\GitHub Projects\PhDPortal\env\lib\site-packages\django\template\loader_tags.py", line 173, in render
    return compiled_parent._render(context)
  File "E:\Education\GitHub Projects\PhDPortal\env\lib\site-packages\django\template\base.py", line 197, in _render
    return self.nodelist.render(context)
  File "E:\Education\GitHub Projects\PhDPortal\env\lib\site-packages\django\template\base.py", line 988, in render
    bit = node.render_annotated(context)
  File "E:\Education\GitHub Projects\PhDPortal\env\lib\site-packages\django\template\base.py", line 955, in render_annotated
    return self.render(context)
  File "E:\Education\GitHub Projects\PhDPortal\env\lib\site-packages\django\template\loader_tags.py", line 69, in render
    result = block.nodelist.render(context)
  File "E:\Education\GitHub Projects\PhDPortal\env\lib\site-packages\django\template\base.py", line 988, in render
    bit = node.render_annotated(context)
  File "E:\Education\GitHub Projects\PhDPortal\env\lib\site-packages\django\template\base.py", line 955, in render_annotated
    return self.render(context)
  File "E:\Education\GitHub Projects\PhDPortal\env\lib\site-packages\django\template\defaulttags.py", line 326, in render
    return nodelist.render(context)
  File "E:\Education\GitHub Projects\PhDPortal\env\lib\site-packages\django\template\base.py", line 988, in render
    bit = node.render_annotated(context)
  File "E:\Education\GitHub Projects\PhDPortal\env\lib\site-packages\django\template\base.py", line 955, in render_annotated
    return self.render(context)
  File "E:\Education\GitHub Projects\PhDPortal\env\lib\site-packages\django\template\defaulttags.py", line 513, in render
    six.reraise(*exc_info)
  File "E:\Education\GitHub Projects\PhDPortal\env\lib\site-packages\django\utils\six.py", line 686, in reraise
    raise value
  File "E:\Education\GitHub Projects\PhDPortal\env\lib\site-packages\django\template\defaulttags.py", line 499, in render
    url = reverse(view_name, args=args, kwargs=kwargs, current_app=current_app)
  File "E:\Education\GitHub Projects\PhDPortal\env\lib\site-packages\django\core\urlresolvers.py", line 600, in reverse
    return force_text(iri_to_uri(resolver._reverse_with_prefix(view, prefix, *args, **kwargs)))
  File "E:\Education\GitHub Projects\PhDPortal\env\lib\site-packages\django\core\urlresolvers.py", line 508, in _reverse_with_prefix
    (lookup_view_s, args, kwargs, len(patterns), patterns))
django.core.urlresolvers.NoReverseMatch: Reverse for 'student_keyword_recommendations' with arguments '()' and keyword arguments '{}' not found. 0 pattern(s) tried: []
2017-04-20 11:17:59 - INFO - views:logout:438 - User sanjeev successfully logged out
2017-04-20 11:18:10 - INFO - views:login:416 - User sanjeev successfully authenticated
2017-04-20 11:19:02 - INFO - views:logout:438 - User sanjeev successfully logged out
2017-04-20 11:19:12 - INFO - views:login:416 - User rahul successfully authenticated
2017-04-20 11:19:48 - INFO - guide_views:guide_save_panel_members:917 - 1   shanu
2017-04-20 11:21:29 - INFO - views:logout:438 - User rahul successfully logged out
2017-04-20 11:21:38 - INFO - views:login:416 - User sanjeev successfully authenticated
2017-04-20 11:22:42 - INFO - views:logout:438 - User dinesh successfully logged out
2017-04-20 11:22:52 - INFO - views:login:416 - User rahul successfully authenticated
2017-04-20 11:25:20 - INFO - guide_views:guide_send_panel_to_director:799 - Before_Deletion
2017-04-20 11:25:20 - INFO - guide_views:guide_send_panel_to_director:803 - After_Deletion
2017-04-20 11:25:20 - INFO - guide_views:guide_send_panel_to_director:829 - here
2017-04-20 11:25:20 - INFO - guide_views:guide_send_panel_to_director:842 - True
2017-04-20 11:25:27 - INFO - views:logout:438 - User sanjeev successfully logged out
2017-04-20 11:25:32 - INFO - views:login:416 - User gcnandi successfully authenticated
2017-04-20 11:26:03 - INFO - director_views:director_submit_for_evaluation:186 - scarlett
2017-04-20 11:26:03 - INFO - director_views:director_submit_for_evaluation:186 - kelly
2017-04-20 11:26:03 - INFO - director_views:director_submit_for_evaluation:196 - 2 2
2017-04-20 11:26:03 - INFO - director_views:director_submit_for_evaluation:197 - 2 1
2017-04-20 11:26:03 - INFO - director_views:director_submit_for_evaluation:213 - gopal
2017-04-20 11:26:03 - INFO - director_views:director_submit_for_evaluation:213 - apuroop
2017-04-20 11:26:03 - INFO - director_views:director_submit_for_evaluation:221 - scarlett
2017-04-20 11:26:03 - INFO - director_views:director_submit_for_evaluation:221 - kelly
2017-04-20 11:26:07 - INFO - views:logout:438 - User gcnandi successfully logged out
2017-04-20 11:26:41 - INFO - views:login:416 - User scarlett successfully authenticated
2017-04-20 11:27:20 - ERROR - base:handle_uncaught_exception:284 - Internal Server Error: /referee/thesis/evaluate/
Traceback (most recent call last):
  File "E:\Education\GitHub Projects\PhDPortal\env\lib\site-packages\django\core\handlers\base.py", line 149, in get_response
    response = self.process_exception_by_middleware(e, request)
  File "E:\Education\GitHub Projects\PhDPortal\env\lib\site-packages\django\core\handlers\base.py", line 147, in get_response
    response = wrapped_callback(request, *callback_args, **callback_kwargs)
  File "E:\Education\GitHub Projects\PhDPortal\env\lib\site-packages\django\contrib\auth\decorators.py", line 23, in _wrapped_view
    return view_func(request, *args, **kwargs)
  File "E:\Education\GitHub Projects\PhDPortal\app\referee_views.py", line 340, in referee_thesis_approval
    pdf = convert_latex(request, 'final_report.tex',context)
  File "E:\Education\GitHub Projects\PhDPortal\env\lib\site-packages\django\contrib\auth\decorators.py", line 23, in _wrapped_view
    return view_func(request, *args, **kwargs)
  File "E:\Education\GitHub Projects\PhDPortal\app\referee_views.py", line 204, in convert_latex
    with open(tempdir + '/results2.tex', 'wb') as file_:
FileNotFoundError: [Errno 2] No such file or directory: 'C:\\Users\\Shanu\\Documents/results2.tex'
2017-04-20 11:28:49 - ERROR - base:handle_uncaught_exception:284 - Internal Server Error: /referee/thesis/evaluate/
Traceback (most recent call last):
  File "E:\Education\GitHub Projects\PhDPortal\env\lib\site-packages\django\core\handlers\base.py", line 149, in get_response
    response = self.process_exception_by_middleware(e, request)
  File "E:\Education\GitHub Projects\PhDPortal\env\lib\site-packages\django\core\handlers\base.py", line 147, in get_response
    response = wrapped_callback(request, *callback_args, **callback_kwargs)
  File "E:\Education\GitHub Projects\PhDPortal\env\lib\site-packages\django\contrib\auth\decorators.py", line 23, in _wrapped_view
    return view_func(request, *args, **kwargs)
  File "E:\Education\GitHub Projects\PhDPortal\app\referee_views.py", line 340, in referee_thesis_approval
    pdf = convert_latex(request, 'final_report.tex',context)
  File "E:\Education\GitHub Projects\PhDPortal\env\lib\site-packages\django\contrib\auth\decorators.py", line 23, in _wrapped_view
    return view_func(request, *args, **kwargs)
  File "E:\Education\GitHub Projects\PhDPortal\app\referee_views.py", line 208, in convert_latex
    m = check_output('xelatex -interaction=nonstopmode -output-directory=' + tempdir + ' ' + tempdir + '\\results2.tex')
  File "C:\Python3.6\lib\subprocess.py", line 336, in check_output
    **kwargs).stdout
  File "C:\Python3.6\lib\subprocess.py", line 403, in run
    with Popen(*popenargs, **kwargs) as process:
  File "C:\Python3.6\lib\subprocess.py", line 707, in __init__
    restore_signals, start_new_session)
  File "C:\Python3.6\lib\subprocess.py", line 990, in _execute_child
    startupinfo)
FileNotFoundError: [WinError 2] The system cannot find the file specified
2017-04-20 11:33:15 - ERROR - base:handle_uncaught_exception:284 - Internal Server Error: /referee/thesis/evaluate/
Traceback (most recent call last):
  File "E:\Education\GitHub Projects\PhDPortal\env\lib\site-packages\django\core\handlers\base.py", line 149, in get_response
    response = self.process_exception_by_middleware(e, request)
  File "E:\Education\GitHub Projects\PhDPortal\env\lib\site-packages\django\core\handlers\base.py", line 147, in get_response
    response = wrapped_callback(request, *callback_args, **callback_kwargs)
  File "E:\Education\GitHub Projects\PhDPortal\env\lib\site-packages\django\contrib\auth\decorators.py", line 23, in _wrapped_view
    return view_func(request, *args, **kwargs)
  File "E:\Education\GitHub Projects\PhDPortal\app\referee_views.py", line 340, in referee_thesis_approval
    pdf = convert_latex(request, 'final_report.tex',context)
  File "E:\Education\GitHub Projects\PhDPortal\env\lib\site-packages\django\contrib\auth\decorators.py", line 23, in _wrapped_view
    return view_func(request, *args, **kwargs)
  File "E:\Education\GitHub Projects\PhDPortal\app\referee_views.py", line 208, in convert_latex
    m = check_output('xelatex -interaction=nonstopmode -output-directory=' + tempdir + ' ' + tempdir + '\\results2.tex')
  File "C:\Python3.6\lib\subprocess.py", line 336, in check_output
    **kwargs).stdout
  File "C:\Python3.6\lib\subprocess.py", line 403, in run
    with Popen(*popenargs, **kwargs) as process:
  File "C:\Python3.6\lib\subprocess.py", line 707, in __init__
    restore_signals, start_new_session)
  File "C:\Python3.6\lib\subprocess.py", line 990, in _execute_child
    startupinfo)
FileNotFoundError: [WinError 2] The system cannot find the file specified
2017-04-20 11:35:01 - ERROR - base:handle_uncaught_exception:284 - Internal Server Error: /referee/thesis/evaluate/
Traceback (most recent call last):
  File "E:\Education\GitHub Projects\PhDPortal\env\lib\site-packages\django\core\handlers\base.py", line 149, in get_response
    response = self.process_exception_by_middleware(e, request)
  File "E:\Education\GitHub Projects\PhDPortal\env\lib\site-packages\django\core\handlers\base.py", line 147, in get_response
    response = wrapped_callback(request, *callback_args, **callback_kwargs)
  File "E:\Education\GitHub Projects\PhDPortal\env\lib\site-packages\django\contrib\auth\decorators.py", line 23, in _wrapped_view
    return view_func(request, *args, **kwargs)
  File "E:\Education\GitHub Projects\PhDPortal\app\referee_views.py", line 340, in referee_thesis_approval
    pdf = convert_latex(request, 'final_report.tex',context)
  File "E:\Education\GitHub Projects\PhDPortal\env\lib\site-packages\django\contrib\auth\decorators.py", line 23, in _wrapped_view
    return view_func(request, *args, **kwargs)
  File "E:\Education\GitHub Projects\PhDPortal\app\referee_views.py", line 208, in convert_latex
    m = check_output('xelatex -interaction=nonstopmode -output-directory=' + tempdir + ' ' + tempdir + '\\results2.tex')
  File "C:\Python3.6\lib\subprocess.py", line 336, in check_output
    **kwargs).stdout
  File "C:\Python3.6\lib\subprocess.py", line 403, in run
    with Popen(*popenargs, **kwargs) as process:
  File "C:\Python3.6\lib\subprocess.py", line 707, in __init__
    restore_signals, start_new_session)
  File "C:\Python3.6\lib\subprocess.py", line 990, in _execute_child
    startupinfo)
FileNotFoundError: [WinError 2] The system cannot find the file specified
2017-04-20 11:54:40 - INFO - views:logout:438 - User rahul successfully logged out
2017-04-20 11:55:07 - INFO - views:login:416 - User anush successfully authenticated
2017-04-20 11:56:19 - INFO - views:logout:438 - User anush successfully logged out
2017-04-20 11:56:28 - INFO - views:login:416 - User akansha successfully authenticated
2017-04-20 12:07:16 - INFO - views:logout:438 - User akansha successfully logged out
2017-04-20 12:07:37 - INFO - views:login:416 - User manish successfully authenticated
2017-04-20 12:08:07 - INFO - guide_views:guide_evaluate_unevaluated_abstract:184 - SHANU
2017-04-20 12:08:10 - INFO - views:logout:438 - User manish successfully logged out
2017-04-20 12:08:25 - INFO - views:login:416 - User sonali successfully authenticated
2017-04-20 12:08:39 - INFO - guide_views:guide_evaluate_unevaluated_abstract:184 - SHANU
2017-04-20 12:08:41 - INFO - views:logout:438 - User sonali successfully logged out
2017-04-20 12:08:52 - INFO - views:login:416 - User akansha successfully authenticated
2017-04-20 12:19:01 - INFO - views:logout:438 - User akansha successfully logged out
2017-04-20 12:19:13 - INFO - views:login:416 - User sonali successfully authenticated
2017-04-20 12:19:32 - INFO - views:logout:438 - User sonali successfully logged out
2017-04-20 12:19:37 - INFO - views:login:416 - User manish successfully authenticated
2017-04-20 12:21:47 - INFO - views:logout:438 - User manish successfully logged out
2017-04-20 12:21:52 - INFO - views:login:416 - User akansha successfully authenticated
2017-04-20 12:22:15 - INFO - views:logout:438 - User akansha successfully logged out
2017-04-20 12:22:21 - INFO - views:login:416 - User sonali successfully authenticated
2017-04-20 12:22:30 - INFO - views:logout:438 - User sonali successfully logged out
2017-04-20 12:22:35 - INFO - views:login:416 - User manish successfully authenticated
2017-04-20 12:22:45 - INFO - views:logout:438 - User manish successfully logged out
2017-04-20 12:22:58 - INFO - views:login:416 - User manish successfully authenticated
2017-04-20 12:24:19 - INFO - guide_views:guide_save_panel_members:917 - 4   shanu
2017-04-20 12:35:46 - INFO - views:logout:438 - User manish successfully logged out
2017-04-20 12:35:51 - INFO - views:login:416 - User sonali successfully authenticated
2017-04-20 12:36:19 - INFO - views:logout:438 - User sonali successfully logged out
2017-04-20 12:36:27 - INFO - views:login:416 - User akansha successfully authenticated
2017-04-20 12:51:00 - INFO - views:logout:438 - User akansha successfully logged out
2017-04-20 12:51:10 - INFO - views:login:416 - User sonali successfully authenticated
2017-04-20 12:51:32 - INFO - views:logout:438 - User sonali successfully logged out
2017-04-20 12:51:39 - INFO - views:login:416 - User manish successfully authenticated
2017-04-20 12:52:44 - INFO - views:logout:438 - User manish successfully logged out
2017-04-20 12:52:50 - INFO - views:login:416 - User akansha successfully authenticated
2017-04-20 12:53:15 - INFO - views:logout:438 - User akansha successfully logged out
2017-04-20 12:53:28 - INFO - views:login:416 - User sonali successfully authenticated
2017-04-20 12:54:40 - INFO - guide_views:guide_save_panel_members:917 - 2   shanu
2017-04-20 12:54:43 - INFO - guide_views:guide_send_panel_to_director:799 - Before_Deletion
2017-04-20 12:54:43 - INFO - guide_views:guide_send_panel_to_director:803 - After_Deletion
2017-04-20 12:54:43 - INFO - guide_views:guide_send_panel_to_director:829 - here
2017-04-20 12:54:43 - INFO - guide_views:guide_send_panel_to_director:842 - True
2017-04-20 12:54:49 - INFO - views:logout:438 - User sonali successfully logged out
2017-04-20 12:54:55 - INFO - views:login:416 - User gcnandi successfully authenticated
2017-04-20 12:57:09 - INFO - director_views:director_submit_for_evaluation:186 - scarlett
2017-04-20 12:57:09 - INFO - director_views:director_submit_for_evaluation:186 - kelly
2017-04-20 12:57:09 - INFO - director_views:director_submit_for_evaluation:196 - 2 2
2017-04-20 12:57:09 - INFO - director_views:director_submit_for_evaluation:197 - 2 1
2017-04-20 12:57:09 - INFO - director_views:director_submit_for_evaluation:213 - janit
2017-04-20 12:57:09 - INFO - director_views:director_submit_for_evaluation:213 - kishore
2017-04-20 12:57:09 - INFO - director_views:director_submit_for_evaluation:221 - scarlett
2017-04-20 12:57:09 - INFO - director_views:director_submit_for_evaluation:221 - kelly
2017-04-20 12:57:35 - INFO - views:logout:438 - User gcnandi successfully logged out
2017-04-20 12:57:54 - INFO - views:login:416 - User janit successfully authenticated
2017-04-21 15:11:38 - INFO - views:login:416 - User kishore successfully authenticated
2017-04-21 15:11:57 - ERROR - base:handle_uncaught_exception:284 - Internal Server Error: /referee/thesis/evaluate/
Traceback (most recent call last):
  File "E:\Education\GitHub Projects\PhDPortal\env\lib\site-packages\django\core\handlers\base.py", line 149, in get_response
    response = self.process_exception_by_middleware(e, request)
  File "E:\Education\GitHub Projects\PhDPortal\env\lib\site-packages\django\core\handlers\base.py", line 147, in get_response
    response = wrapped_callback(request, *callback_args, **callback_kwargs)
  File "E:\Education\GitHub Projects\PhDPortal\env\lib\site-packages\django\contrib\auth\decorators.py", line 23, in _wrapped_view
    return view_func(request, *args, **kwargs)
  File "E:\Education\GitHub Projects\PhDPortal\app\referee_views.py", line 340, in referee_thesis_approval
    pdf = convert_latex(request, 'final_report.tex',context)
  File "E:\Education\GitHub Projects\PhDPortal\env\lib\site-packages\django\contrib\auth\decorators.py", line 23, in _wrapped_view
    return view_func(request, *args, **kwargs)
  File "E:\Education\GitHub Projects\PhDPortal\app\referee_views.py", line 208, in convert_latex
    m = check_output('xelatex -interaction=nonstopmode -output-directory=' + tempdir + ' ' + tempdir + '\\results2.tex')
  File "C:\Python3.6\lib\subprocess.py", line 336, in check_output
    **kwargs).stdout
  File "C:\Python3.6\lib\subprocess.py", line 403, in run
    with Popen(*popenargs, **kwargs) as process:
  File "C:\Python3.6\lib\subprocess.py", line 707, in __init__
    restore_signals, start_new_session)
  File "C:\Python3.6\lib\subprocess.py", line 990, in _execute_child
    startupinfo)
FileNotFoundError: [WinError 2] The system cannot find the file specified
2017-04-21 15:16:22 - ERROR - base:handle_uncaught_exception:284 - Internal Server Error: /referee/thesis/evaluate/
Traceback (most recent call last):
  File "E:\Education\GitHub Projects\PhDPortal\env\lib\site-packages\django\core\handlers\base.py", line 149, in get_response
    response = self.process_exception_by_middleware(e, request)
  File "E:\Education\GitHub Projects\PhDPortal\env\lib\site-packages\django\core\handlers\base.py", line 147, in get_response
    response = wrapped_callback(request, *callback_args, **callback_kwargs)
  File "E:\Education\GitHub Projects\PhDPortal\env\lib\site-packages\django\contrib\auth\decorators.py", line 23, in _wrapped_view
    return view_func(request, *args, **kwargs)
  File "E:\Education\GitHub Projects\PhDPortal\app\referee_views.py", line 340, in referee_thesis_approval
    pdf = convert_latex(request, 'final_report.tex',context)
  File "E:\Education\GitHub Projects\PhDPortal\env\lib\site-packages\django\contrib\auth\decorators.py", line 23, in _wrapped_view
    return view_func(request, *args, **kwargs)
  File "E:\Education\GitHub Projects\PhDPortal\app\referee_views.py", line 208, in convert_latex
    m = check_output('xelatex -interaction=nonstopmode -output-directory=' + tempdir + ' ' + tempdir + '\\results2.tex')
  File "C:\Python3.6\lib\subprocess.py", line 336, in check_output
    **kwargs).stdout
  File "C:\Python3.6\lib\subprocess.py", line 403, in run
    with Popen(*popenargs, **kwargs) as process:
  File "C:\Python3.6\lib\subprocess.py", line 707, in __init__
    restore_signals, start_new_session)
  File "C:\Python3.6\lib\subprocess.py", line 990, in _execute_child
    startupinfo)
FileNotFoundError: [WinError 2] The system cannot find the file specified
2017-04-21 15:19:42 - ERROR - base:handle_uncaught_exception:284 - Internal Server Error: /referee/thesis/evaluate/
Traceback (most recent call last):
  File "E:\Education\GitHub Projects\PhDPortal\env\lib\site-packages\django\core\handlers\base.py", line 149, in get_response
    response = self.process_exception_by_middleware(e, request)
  File "E:\Education\GitHub Projects\PhDPortal\env\lib\site-packages\django\core\handlers\base.py", line 147, in get_response
    response = wrapped_callback(request, *callback_args, **callback_kwargs)
  File "E:\Education\GitHub Projects\PhDPortal\env\lib\site-packages\django\contrib\auth\decorators.py", line 23, in _wrapped_view
    return view_func(request, *args, **kwargs)
  File "E:\Education\GitHub Projects\PhDPortal\app\referee_views.py", line 340, in referee_thesis_approval
    pdf = convert_latex(request, 'final_report.tex',context)
  File "E:\Education\GitHub Projects\PhDPortal\env\lib\site-packages\django\contrib\auth\decorators.py", line 23, in _wrapped_view
    return view_func(request, *args, **kwargs)
  File "E:\Education\GitHub Projects\PhDPortal\app\referee_views.py", line 208, in convert_latex
    m = check_output('xelatex -interaction=nonstopmode -output-directory=' + tempdir + ' ' + tempdir + '\\results2.tex')
  File "C:\Python3.6\lib\subprocess.py", line 336, in check_output
    **kwargs).stdout
  File "C:\Python3.6\lib\subprocess.py", line 403, in run
    with Popen(*popenargs, **kwargs) as process:
  File "C:\Python3.6\lib\subprocess.py", line 707, in __init__
    restore_signals, start_new_session)
  File "C:\Python3.6\lib\subprocess.py", line 990, in _execute_child
    startupinfo)
FileNotFoundError: [WinError 2] The system cannot find the file specified
2017-04-21 15:20:48 - ERROR - base:handle_uncaught_exception:284 - Internal Server Error: /referee/thesis/evaluate/
Traceback (most recent call last):
  File "E:\Education\GitHub Projects\PhDPortal\env\lib\site-packages\django\core\handlers\base.py", line 149, in get_response
    response = self.process_exception_by_middleware(e, request)
  File "E:\Education\GitHub Projects\PhDPortal\env\lib\site-packages\django\core\handlers\base.py", line 147, in get_response
    response = wrapped_callback(request, *callback_args, **callback_kwargs)
  File "E:\Education\GitHub Projects\PhDPortal\env\lib\site-packages\django\contrib\auth\decorators.py", line 23, in _wrapped_view
    return view_func(request, *args, **kwargs)
  File "E:\Education\GitHub Projects\PhDPortal\app\referee_views.py", line 342, in referee_thesis_approval
    pdf = convert_latex(request, 'final_report.tex',context)
  File "E:\Education\GitHub Projects\PhDPortal\env\lib\site-packages\django\contrib\auth\decorators.py", line 23, in _wrapped_view
    return view_func(request, *args, **kwargs)
  File "E:\Education\GitHub Projects\PhDPortal\app\referee_views.py", line 210, in convert_latex
    m = check_output(str)
  File "C:\Python3.6\lib\subprocess.py", line 336, in check_output
    **kwargs).stdout
  File "C:\Python3.6\lib\subprocess.py", line 403, in run
    with Popen(*popenargs, **kwargs) as process:
  File "C:\Python3.6\lib\subprocess.py", line 707, in __init__
    restore_signals, start_new_session)
  File "C:\Python3.6\lib\subprocess.py", line 990, in _execute_child
    startupinfo)
FileNotFoundError: [WinError 2] The system cannot find the file specified
2017-04-21 15:24:35 - ERROR - base:handle_uncaught_exception:284 - Internal Server Error: /referee/thesis/evaluate/
Traceback (most recent call last):
  File "E:\Education\GitHub Projects\PhDPortal\env\lib\site-packages\django\core\handlers\base.py", line 149, in get_response
    response = self.process_exception_by_middleware(e, request)
  File "E:\Education\GitHub Projects\PhDPortal\env\lib\site-packages\django\core\handlers\base.py", line 147, in get_response
    response = wrapped_callback(request, *callback_args, **callback_kwargs)
  File "E:\Education\GitHub Projects\PhDPortal\env\lib\site-packages\django\contrib\auth\decorators.py", line 23, in _wrapped_view
    return view_func(request, *args, **kwargs)
  File "E:\Education\GitHub Projects\PhDPortal\app\referee_views.py", line 342, in referee_thesis_approval
    pdf = convert_latex(request, 'final_report.tex',context)
  File "E:\Education\GitHub Projects\PhDPortal\env\lib\site-packages\django\contrib\auth\decorators.py", line 23, in _wrapped_view
    return view_func(request, *args, **kwargs)
  File "E:\Education\GitHub Projects\PhDPortal\app\referee_views.py", line 210, in convert_latex
    m = check_output(str)
  File "C:\Python3.6\lib\subprocess.py", line 336, in check_output
    **kwargs).stdout
  File "C:\Python3.6\lib\subprocess.py", line 403, in run
    with Popen(*popenargs, **kwargs) as process:
  File "C:\Python3.6\lib\subprocess.py", line 707, in __init__
    restore_signals, start_new_session)
  File "C:\Python3.6\lib\subprocess.py", line 990, in _execute_child
    startupinfo)
FileNotFoundError: [WinError 2] The system cannot find the file specified
2017-04-21 17:49:23 - INFO - views:login:416 - User kishore successfully authenticated
2017-04-21 17:49:52 - ERROR - base:handle_uncaught_exception:284 - Internal Server Error: /referee/thesis/evaluate/
Traceback (most recent call last):
  File "E:\Education\GitHub Projects\PhDPortal\env\lib\site-packages\django\core\handlers\base.py", line 149, in get_response
    response = self.process_exception_by_middleware(e, request)
  File "E:\Education\GitHub Projects\PhDPortal\env\lib\site-packages\django\core\handlers\base.py", line 147, in get_response
    response = wrapped_callback(request, *callback_args, **callback_kwargs)
  File "E:\Education\GitHub Projects\PhDPortal\env\lib\site-packages\django\contrib\auth\decorators.py", line 23, in _wrapped_view
    return view_func(request, *args, **kwargs)
  File "E:\Education\GitHub Projects\PhDPortal\app\referee_views.py", line 342, in referee_thesis_approval
    pdf = convert_latex(request, 'texput.tex',context)
  File "E:\Education\GitHub Projects\PhDPortal\env\lib\site-packages\django\contrib\auth\decorators.py", line 23, in _wrapped_view
    return view_func(request, *args, **kwargs)
  File "E:\Education\GitHub Projects\PhDPortal\app\referee_views.py", line 200, in convert_latex
    template = get_template(user_template)
  File "E:\Education\GitHub Projects\PhDPortal\env\lib\site-packages\django\template\loader.py", line 43, in get_template
    raise TemplateDoesNotExist(template_name, chain=chain)
django.template.exceptions.TemplateDoesNotExist: texput.tex
2017-04-21 17:50:16 - ERROR - base:handle_uncaught_exception:284 - Internal Server Error: /referee/thesis/evaluate/
Traceback (most recent call last):
  File "E:\Education\GitHub Projects\PhDPortal\env\lib\site-packages\django\core\handlers\base.py", line 149, in get_response
    response = self.process_exception_by_middleware(e, request)
  File "E:\Education\GitHub Projects\PhDPortal\env\lib\site-packages\django\core\handlers\base.py", line 147, in get_response
    response = wrapped_callback(request, *callback_args, **callback_kwargs)
  File "E:\Education\GitHub Projects\PhDPortal\env\lib\site-packages\django\contrib\auth\decorators.py", line 23, in _wrapped_view
    return view_func(request, *args, **kwargs)
  File "E:\Education\GitHub Projects\PhDPortal\app\referee_views.py", line 342, in referee_thesis_approval
    pdf = convert_latex(request, 'final_report.tex',context)
  File "E:\Education\GitHub Projects\PhDPortal\env\lib\site-packages\django\contrib\auth\decorators.py", line 23, in _wrapped_view
    return view_func(request, *args, **kwargs)
  File "E:\Education\GitHub Projects\PhDPortal\app\referee_views.py", line 210, in convert_latex
    m = check_output(str)
  File "C:\Python3.6\lib\subprocess.py", line 336, in check_output
    **kwargs).stdout
  File "C:\Python3.6\lib\subprocess.py", line 403, in run
    with Popen(*popenargs, **kwargs) as process:
  File "C:\Python3.6\lib\subprocess.py", line 707, in __init__
    restore_signals, start_new_session)
  File "C:\Python3.6\lib\subprocess.py", line 990, in _execute_child
    startupinfo)
FileNotFoundError: [WinError 2] The system cannot find the file specified
2017-04-21 17:55:03 - ERROR - base:handle_uncaught_exception:284 - Internal Server Error: /referee/thesis/evaluate/
Traceback (most recent call last):
  File "E:\Education\GitHub Projects\PhDPortal\env\lib\site-packages\django\core\handlers\base.py", line 149, in get_response
    response = self.process_exception_by_middleware(e, request)
  File "E:\Education\GitHub Projects\PhDPortal\env\lib\site-packages\django\core\handlers\base.py", line 147, in get_response
    response = wrapped_callback(request, *callback_args, **callback_kwargs)
  File "E:\Education\GitHub Projects\PhDPortal\env\lib\site-packages\django\contrib\auth\decorators.py", line 23, in _wrapped_view
    return view_func(request, *args, **kwargs)
  File "E:\Education\GitHub Projects\PhDPortal\app\referee_views.py", line 342, in referee_thesis_approval
    pdf = convert_latex(request, 'final_report.tex',context)
  File "E:\Education\GitHub Projects\PhDPortal\env\lib\site-packages\django\contrib\auth\decorators.py", line 23, in _wrapped_view
    return view_func(request, *args, **kwargs)
  File "E:\Education\GitHub Projects\PhDPortal\app\referee_views.py", line 210, in convert_latex
    m = check_output(str, shell=True)
  File "C:\Python3.6\lib\subprocess.py", line 336, in check_output
    **kwargs).stdout
  File "C:\Python3.6\lib\subprocess.py", line 418, in run
    output=stdout, stderr=stderr)
subprocess.CalledProcessError: Command 'xelatex -interaction=nonstopmode -output-directory=C:\Users\Sarada\Documents C:\Users\Sarada\Documents\results2.tex' returned non-zero exit status 1.
2017-04-21 17:55:57 - ERROR - base:handle_uncaught_exception:284 - Internal Server Error: /referee/thesis/evaluate/
Traceback (most recent call last):
  File "E:\Education\GitHub Projects\PhDPortal\env\lib\site-packages\django\core\handlers\base.py", line 149, in get_response
    response = self.process_exception_by_middleware(e, request)
  File "E:\Education\GitHub Projects\PhDPortal\env\lib\site-packages\django\core\handlers\base.py", line 147, in get_response
    response = wrapped_callback(request, *callback_args, **callback_kwargs)
  File "E:\Education\GitHub Projects\PhDPortal\env\lib\site-packages\django\contrib\auth\decorators.py", line 23, in _wrapped_view
    return view_func(request, *args, **kwargs)
  File "E:\Education\GitHub Projects\PhDPortal\app\referee_views.py", line 342, in referee_thesis_approval
    pdf = convert_latex(request, 'final_report.tex',context)
  File "E:\Education\GitHub Projects\PhDPortal\env\lib\site-packages\django\contrib\auth\decorators.py", line 23, in _wrapped_view
    return view_func(request, *args, **kwargs)
  File "E:\Education\GitHub Projects\PhDPortal\app\referee_views.py", line 210, in convert_latex
    m = check_output(str, shell=True)
  File "C:\Python3.6\lib\subprocess.py", line 336, in check_output
    **kwargs).stdout
  File "C:\Python3.6\lib\subprocess.py", line 418, in run
    output=stdout, stderr=stderr)
subprocess.CalledProcessError: Command 'pdflatex -interaction=nonstopmode -output-directory=C:\Users\Sarada\Documents C:\Users\Sarada\Documents\results2.tex' returned non-zero exit status 1.
2017-04-21 17:58:47 - ERROR - base:handle_uncaught_exception:284 - Internal Server Error: /referee/thesis/evaluate/
Traceback (most recent call last):
  File "E:\Education\GitHub Projects\PhDPortal\env\lib\site-packages\django\core\handlers\base.py", line 149, in get_response
    response = self.process_exception_by_middleware(e, request)
  File "E:\Education\GitHub Projects\PhDPortal\env\lib\site-packages\django\core\handlers\base.py", line 147, in get_response
    response = wrapped_callback(request, *callback_args, **callback_kwargs)
  File "E:\Education\GitHub Projects\PhDPortal\env\lib\site-packages\django\contrib\auth\decorators.py", line 23, in _wrapped_view
    return view_func(request, *args, **kwargs)
  File "E:\Education\GitHub Projects\PhDPortal\app\referee_views.py", line 342, in referee_thesis_approval
    pdf = convert_latex(request, 'final_report.tex',context)
  File "E:\Education\GitHub Projects\PhDPortal\env\lib\site-packages\django\contrib\auth\decorators.py", line 23, in _wrapped_view
    return view_func(request, *args, **kwargs)
  File "E:\Education\GitHub Projects\PhDPortal\app\referee_views.py", line 210, in convert_latex
    m = check_output(str)
  File "C:\Python3.6\lib\subprocess.py", line 336, in check_output
    **kwargs).stdout
  File "C:\Python3.6\lib\subprocess.py", line 403, in run
    with Popen(*popenargs, **kwargs) as process:
  File "C:\Python3.6\lib\subprocess.py", line 707, in __init__
    restore_signals, start_new_session)
  File "C:\Python3.6\lib\subprocess.py", line 990, in _execute_child
    startupinfo)
FileNotFoundError: [WinError 2] The system cannot find the file specified
2017-04-21 19:16:59 - INFO - views:login:416 - User kishore successfully authenticated
2017-04-21 19:17:20 - INFO - views:logout:438 - User kishore successfully logged out
2017-04-21 19:17:59 - INFO - views:login:416 - User admin successfully authenticated
2017-04-21 19:50:15 - INFO - views:login:416 - User kishore successfully authenticated
2017-04-21 19:50:24 - INFO - views:logout:438 - User kishore successfully logged out
2017-04-21 19:50:39 - INFO - views:login:416 - User brad successfully authenticated
2017-04-21 19:50:45 - INFO - views:logout:438 - User brad successfully logged out
2017-04-21 19:51:05 - INFO - views:login:416 - User scarlett successfully authenticated
2017-04-21 19:51:15 - ERROR - base:handle_uncaught_exception:284 - Internal Server Error: /referee/thesis/evaluate/
Traceback (most recent call last):
  File "E:\Education\GitHub Projects\PhDPortal\env\lib\site-packages\django\core\handlers\base.py", line 149, in get_response
    response = self.process_exception_by_middleware(e, request)
  File "E:\Education\GitHub Projects\PhDPortal\env\lib\site-packages\django\core\handlers\base.py", line 147, in get_response
    response = wrapped_callback(request, *callback_args, **callback_kwargs)
  File "E:\Education\GitHub Projects\PhDPortal\env\lib\site-packages\django\contrib\auth\decorators.py", line 23, in _wrapped_view
    return view_func(request, *args, **kwargs)
  File "E:\Education\GitHub Projects\PhDPortal\app\referee_views.py", line 374, in referee_thesis_approval
    shutil.copy(tempdir+"\\texput.pdf", os.getcwd() + "\\app\\static\\Feedback_With_Details\\"+ student_username + timestamp +".pdf")
  File "C:\Python3.6\lib\shutil.py", line 235, in copy
    copyfile(src, dst, follow_symlinks=follow_symlinks)
  File "C:\Python3.6\lib\shutil.py", line 114, in copyfile
    with open(src, 'rb') as fsrc:
FileNotFoundError: [Errno 2] No such file or directory: 'C:\\Users\\Sarada\\AppData\\Local\\Temp\\tmpuu4qz3yz\\texput.pdf'
2017-04-21 19:53:37 - ERROR - base:handle_uncaught_exception:284 - Internal Server Error: /referee/thesis/evaluate/
Traceback (most recent call last):
  File "E:\Education\GitHub Projects\PhDPortal\env\lib\site-packages\django\core\handlers\base.py", line 149, in get_response
    response = self.process_exception_by_middleware(e, request)
  File "E:\Education\GitHub Projects\PhDPortal\env\lib\site-packages\django\core\handlers\base.py", line 147, in get_response
    response = wrapped_callback(request, *callback_args, **callback_kwargs)
  File "E:\Education\GitHub Projects\PhDPortal\env\lib\site-packages\django\contrib\auth\decorators.py", line 23, in _wrapped_view
    return view_func(request, *args, **kwargs)
  File "E:\Education\GitHub Projects\PhDPortal\app\referee_views.py", line 358, in referee_thesis_approval
    print(os.listdir(tempdir))
FileNotFoundError: [WinError 3] The system cannot find the path specified: 'C:\\Users\\Sarada\\AppData\\Local\\Temp\\tmpckcegg3f'
2017-04-21 20:02:26 - ERROR - base:handle_uncaught_exception:284 - Internal Server Error: /referee/thesis/evaluate/
Traceback (most recent call last):
  File "E:\Education\GitHub Projects\PhDPortal\env\lib\site-packages\django\core\handlers\base.py", line 149, in get_response
    response = self.process_exception_by_middleware(e, request)
  File "E:\Education\GitHub Projects\PhDPortal\env\lib\site-packages\django\core\handlers\base.py", line 147, in get_response
    response = wrapped_callback(request, *callback_args, **callback_kwargs)
  File "E:\Education\GitHub Projects\PhDPortal\env\lib\site-packages\django\contrib\auth\decorators.py", line 23, in _wrapped_view
    return view_func(request, *args, **kwargs)
  File "E:\Education\GitHub Projects\PhDPortal\app\referee_views.py", line 385, in referee_thesis_approval
    time =str(datetime.datetime.now())
TypeError: 'str' object is not callable
2017-04-21 20:03:43 - ERROR - base:handle_uncaught_exception:284 - Internal Server Error: /referee/thesis/evaluate/
Traceback (most recent call last):
  File "E:\Education\GitHub Projects\PhDPortal\env\lib\site-packages\django\core\handlers\base.py", line 149, in get_response
    response = self.process_exception_by_middleware(e, request)
  File "E:\Education\GitHub Projects\PhDPortal\env\lib\site-packages\django\core\handlers\base.py", line 147, in get_response
    response = wrapped_callback(request, *callback_args, **callback_kwargs)
  File "E:\Education\GitHub Projects\PhDPortal\env\lib\site-packages\django\contrib\auth\decorators.py", line 23, in _wrapped_view
    return view_func(request, *args, **kwargs)
  File "E:\Education\GitHub Projects\PhDPortal\app\referee_views.py", line 385, in referee_thesis_approval
    time =str(datetime.now())
AttributeError: module 'datetime' has no attribute 'now'
2017-04-21 20:06:52 - ERROR - base:handle_uncaught_exception:284 - Internal Server Error: /referee/thesis/evaluate/
Traceback (most recent call last):
  File "E:\Education\GitHub Projects\PhDPortal\env\lib\site-packages\django\core\handlers\base.py", line 149, in get_response
    response = self.process_exception_by_middleware(e, request)
  File "E:\Education\GitHub Projects\PhDPortal\env\lib\site-packages\django\core\handlers\base.py", line 147, in get_response
    response = wrapped_callback(request, *callback_args, **callback_kwargs)
  File "E:\Education\GitHub Projects\PhDPortal\env\lib\site-packages\django\contrib\auth\decorators.py", line 23, in _wrapped_view
    return view_func(request, *args, **kwargs)
  File "E:\Education\GitHub Projects\PhDPortal\app\referee_views.py", line 385, in referee_thesis_approval
    time = str(datetime.datetime.now())
TypeError: 'str' object is not callable
2017-04-21 20:11:14 - INFO - views:login:416 - User janit successfully authenticated
2017-04-21 20:12:01 - ERROR - base:handle_uncaught_exception:284 - Internal Server Error: /referee/thesis/evaluate/
Traceback (most recent call last):
  File "E:\Education\GitHub Projects\PhDPortal\env\lib\site-packages\django\core\handlers\base.py", line 149, in get_response
    response = self.process_exception_by_middleware(e, request)
  File "E:\Education\GitHub Projects\PhDPortal\env\lib\site-packages\django\core\handlers\base.py", line 147, in get_response
    response = wrapped_callback(request, *callback_args, **callback_kwargs)
  File "E:\Education\GitHub Projects\PhDPortal\env\lib\site-packages\django\contrib\auth\decorators.py", line 23, in _wrapped_view
    return view_func(request, *args, **kwargs)
  File "E:\Education\GitHub Projects\PhDPortal\app\referee_views.py", line 370, in referee_thesis_approval
    m = check_output('pdflatex -interaction=nonstopmode -output-directory=' + tempdir + ' ' + tempdir + '\\texput.tex')
  File "C:\Python3.6\lib\subprocess.py", line 336, in check_output
    **kwargs).stdout
  File "C:\Python3.6\lib\subprocess.py", line 418, in run
    output=stdout, stderr=stderr)
subprocess.CalledProcessError: Command 'pdflatex -interaction=nonstopmode -output-directory=C:\Users\Sarada\AppData\Local\Temp\tmpbybi7_te C:\Users\Sarada\AppData\Local\Temp\tmpbybi7_te\texput.tex' returned non-zero exit status 1.
2017-04-21 20:13:36 - ERROR - base:handle_uncaught_exception:284 - Internal Server Error: /referee/thesis/evaluate/
Traceback (most recent call last):
  File "E:\Education\GitHub Projects\PhDPortal\env\lib\site-packages\django\core\handlers\base.py", line 149, in get_response
    response = self.process_exception_by_middleware(e, request)
  File "E:\Education\GitHub Projects\PhDPortal\env\lib\site-packages\django\core\handlers\base.py", line 147, in get_response
    response = wrapped_callback(request, *callback_args, **callback_kwargs)
  File "E:\Education\GitHub Projects\PhDPortal\env\lib\site-packages\django\contrib\auth\decorators.py", line 23, in _wrapped_view
    return view_func(request, *args, **kwargs)
  File "E:\Education\GitHub Projects\PhDPortal\app\referee_views.py", line 370, in referee_thesis_approval
    m = check_output('pdflatex -interaction=nonstopmode -output-directory=' + tempdir + ' ' + tempdir + '\\texput.tex')
  File "C:\Python3.6\lib\subprocess.py", line 336, in check_output
    **kwargs).stdout
  File "C:\Python3.6\lib\subprocess.py", line 418, in run
    output=stdout, stderr=stderr)
subprocess.CalledProcessError: Command 'pdflatex -interaction=nonstopmode -output-directory=C:\Users\Sarada\AppData\Local\Temp\tmppmiwu6vg C:\Users\Sarada\AppData\Local\Temp\tmppmiwu6vg\texput.tex' returned non-zero exit status 1.
2017-04-21 20:14:39 - ERROR - base:handle_uncaught_exception:284 - Internal Server Error: /referee/thesis/evaluate/
Traceback (most recent call last):
  File "E:\Education\GitHub Projects\PhDPortal\env\lib\site-packages\django\core\handlers\base.py", line 149, in get_response
    response = self.process_exception_by_middleware(e, request)
  File "E:\Education\GitHub Projects\PhDPortal\env\lib\site-packages\django\core\handlers\base.py", line 147, in get_response
    response = wrapped_callback(request, *callback_args, **callback_kwargs)
  File "E:\Education\GitHub Projects\PhDPortal\env\lib\site-packages\django\contrib\auth\decorators.py", line 23, in _wrapped_view
    return view_func(request, *args, **kwargs)
  File "E:\Education\GitHub Projects\PhDPortal\app\referee_views.py", line 370, in referee_thesis_approval
    m = check_output('xelatex -interaction=nonstopmode -output-directory=' + tempdir + ' ' + tempdir + '\\texput.tex')
  File "C:\Python3.6\lib\subprocess.py", line 336, in check_output
    **kwargs).stdout
  File "C:\Python3.6\lib\subprocess.py", line 418, in run
    output=stdout, stderr=stderr)
subprocess.CalledProcessError: Command 'xelatex -interaction=nonstopmode -output-directory=C:\Users\Sarada\AppData\Local\Temp\tmp3bskxdpq C:\Users\Sarada\AppData\Local\Temp\tmp3bskxdpq\texput.tex' returned non-zero exit status 1.
2017-04-21 20:17:53 - INFO - views:logout:438 - User janit successfully logged out
2017-04-21 20:17:59 - INFO - views:login:416 - User kishore successfully authenticated
2017-04-21 20:18:05 - INFO - views:logout:438 - User kishore successfully logged out
2017-04-21 20:18:28 - INFO - views:login:416 - User angelina successfully authenticated
2017-04-21 20:20:32 - INFO - views:logout:438 - User angelina successfully logged out
2017-04-21 20:20:38 - INFO - views:login:416 - User kelly successfully authenticated
2017-04-21 20:20:49 - INFO - views:logout:438 - User kelly successfully logged out
2017-04-21 20:22:07 - INFO - views:login:416 - User scarlett successfully authenticated
2017-04-21 20:23:02 - ERROR - base:handle_uncaught_exception:284 - Internal Server Error: /referee/thesis/evaluate/
Traceback (most recent call last):
  File "E:\Education\GitHub Projects\PhDPortal\env\lib\site-packages\django\core\handlers\base.py", line 149, in get_response
    response = self.process_exception_by_middleware(e, request)
  File "E:\Education\GitHub Projects\PhDPortal\env\lib\site-packages\django\core\handlers\base.py", line 147, in get_response
    response = wrapped_callback(request, *callback_args, **callback_kwargs)
  File "E:\Education\GitHub Projects\PhDPortal\env\lib\site-packages\django\contrib\auth\decorators.py", line 23, in _wrapped_view
    return view_func(request, *args, **kwargs)
  File "E:\Education\GitHub Projects\PhDPortal\app\referee_views.py", line 371, in referee_thesis_approval
    m = check_output('xelatex -interaction=nonstopmode -output-directory=' + tempdir + ' ' + tempdir + '\\texput.tex')
  File "C:\Python3.6\lib\subprocess.py", line 336, in check_output
    **kwargs).stdout
  File "C:\Python3.6\lib\subprocess.py", line 418, in run
    output=stdout, stderr=stderr)
subprocess.CalledProcessError: Command 'xelatex -interaction=nonstopmode -output-directory=C:\Users\Sarada\AppData\Local\Temp\tmpoqs8fzjb C:\Users\Sarada\AppData\Local\Temp\tmpoqs8fzjb\texput.tex' returned non-zero exit status 1.
2017-04-22 18:15:02 - INFO - views:login:416 - User gcnandi successfully authenticated
2017-04-22 18:15:07 - ERROR - base:handle_uncaught_exception:284 - Internal Server Error: /director/evaluate/
Traceback (most recent call last):
  File "E:\Education\GitHub Projects\PhDPortal\env\lib\site-packages\django\core\handlers\base.py", line 149, in get_response
    response = self.process_exception_by_middleware(e, request)
  File "E:\Education\GitHub Projects\PhDPortal\env\lib\site-packages\django\core\handlers\base.py", line 147, in get_response
    response = wrapped_callback(request, *callback_args, **callback_kwargs)
  File "E:\Education\GitHub Projects\PhDPortal\env\lib\site-packages\django\contrib\auth\decorators.py", line 23, in _wrapped_view
    return view_func(request, *args, **kwargs)
  File "E:\Education\GitHub Projects\PhDPortal\app\director_views.py", line 149, in director_submit_for_evaluation
    recommendations = get_referee_recommendations(thesis)
  File "E:\Education\GitHub Projects\PhDPortal\app\views.py", line 762, in get_referee_recommendations
    for archived_thesis in Thesis.objects.filter(status__id >= STATUS_ID_THESIS_UNDER_EVALUATION):
NameError: name 'status__id' is not defined
2017-04-22 18:16:02 - ERROR - base:handle_uncaught_exception:284 - Internal Server Error: /director/evaluate/
Traceback (most recent call last):
  File "E:\Education\GitHub Projects\PhDPortal\env\lib\site-packages\django\core\handlers\base.py", line 149, in get_response
    response = self.process_exception_by_middleware(e, request)
  File "E:\Education\GitHub Projects\PhDPortal\env\lib\site-packages\django\core\handlers\base.py", line 147, in get_response
    response = wrapped_callback(request, *callback_args, **callback_kwargs)
  File "E:\Education\GitHub Projects\PhDPortal\env\lib\site-packages\django\contrib\auth\decorators.py", line 23, in _wrapped_view
    return view_func(request, *args, **kwargs)
  File "E:\Education\GitHub Projects\PhDPortal\app\director_views.py", line 149, in director_submit_for_evaluation
    recommendations = get_referee_recommendations(thesis)
  File "E:\Education\GitHub Projects\PhDPortal\app\views.py", line 762, in get_referee_recommendations
    for archived_thesis in Thesis.objects.filter(statustype__id >= STATUS_ID_THESIS_UNDER_EVALUATION):
NameError: name 'statustype__id' is not defined
2017-04-22 18:18:27 - ERROR - base:handle_uncaught_exception:284 - Internal Server Error: /director/evaluate/
Traceback (most recent call last):
  File "E:\Education\GitHub Projects\PhDPortal\env\lib\site-packages\django\core\handlers\base.py", line 149, in get_response
    response = self.process_exception_by_middleware(e, request)
  File "E:\Education\GitHub Projects\PhDPortal\env\lib\site-packages\django\core\handlers\base.py", line 147, in get_response
    response = wrapped_callback(request, *callback_args, **callback_kwargs)
  File "E:\Education\GitHub Projects\PhDPortal\env\lib\site-packages\django\contrib\auth\decorators.py", line 23, in _wrapped_view
    return view_func(request, *args, **kwargs)
  File "E:\Education\GitHub Projects\PhDPortal\app\director_views.py", line 149, in director_submit_for_evaluation
    recommendations = get_referee_recommendations(thesis)
  File "E:\Education\GitHub Projects\PhDPortal\app\views.py", line 762, in get_referee_recommendations
    for archived_thesis in Thesis.objects.filter(status__id >= STATUS_ID_THESIS_UNDER_EVALUATION):
NameError: name 'status__id' is not defined
2017-04-22 18:31:04 - ERROR - base:handle_uncaught_exception:284 - Internal Server Error: /director/evaluate/
Traceback (most recent call last):
  File "E:\Education\GitHub Projects\PhDPortal\env\lib\site-packages\django\core\handlers\base.py", line 149, in get_response
    response = self.process_exception_by_middleware(e, request)
  File "E:\Education\GitHub Projects\PhDPortal\env\lib\site-packages\django\core\handlers\base.py", line 147, in get_response
    response = wrapped_callback(request, *callback_args, **callback_kwargs)
  File "E:\Education\GitHub Projects\PhDPortal\env\lib\site-packages\django\contrib\auth\decorators.py", line 23, in _wrapped_view
    return view_func(request, *args, **kwargs)
  File "E:\Education\GitHub Projects\PhDPortal\app\director_views.py", line 149, in director_submit_for_evaluation
    recommendations = get_referee_recommendations(thesis)
  File "E:\Education\GitHub Projects\PhDPortal\app\views.py", line 762, in get_referee_recommendations
    for archived_thesis in Thesis.objects.filter(status__id >= STATUS_ID_THESIS_UNDER_EVALUATION):
NameError: name 'status__id' is not defined
2017-04-22 18:31:41 - ERROR - base:handle_uncaught_exception:284 - Internal Server Error: /director/evaluate/
Traceback (most recent call last):
  File "E:\Education\GitHub Projects\PhDPortal\env\lib\site-packages\django\core\handlers\base.py", line 149, in get_response
    response = self.process_exception_by_middleware(e, request)
  File "E:\Education\GitHub Projects\PhDPortal\env\lib\site-packages\django\core\handlers\base.py", line 147, in get_response
    response = wrapped_callback(request, *callback_args, **callback_kwargs)
  File "E:\Education\GitHub Projects\PhDPortal\env\lib\site-packages\django\contrib\auth\decorators.py", line 23, in _wrapped_view
    return view_func(request, *args, **kwargs)
  File "E:\Education\GitHub Projects\PhDPortal\app\director_views.py", line 149, in director_submit_for_evaluation
    recommendations = get_referee_recommendations(thesis)
  File "E:\Education\GitHub Projects\PhDPortal\app\views.py", line 762, in get_referee_recommendations
    for archived_thesis in Thesis.objects.filter(status__id = STATUS_ID_THESIS_UNDER_EVALUATION):
NameError: name 'STATUS_ID_THESIS_UNDER_EVALUATION' is not defined
2017-04-22 18:32:48 - ERROR - base:handle_uncaught_exception:284 - Internal Server Error: /director/evaluate/
Traceback (most recent call last):
  File "E:\Education\GitHub Projects\PhDPortal\env\lib\site-packages\django\core\handlers\base.py", line 149, in get_response
    response = self.process_exception_by_middleware(e, request)
  File "E:\Education\GitHub Projects\PhDPortal\env\lib\site-packages\django\core\handlers\base.py", line 147, in get_response
    response = wrapped_callback(request, *callback_args, **callback_kwargs)
  File "E:\Education\GitHub Projects\PhDPortal\env\lib\site-packages\django\contrib\auth\decorators.py", line 23, in _wrapped_view
    return view_func(request, *args, **kwargs)
  File "E:\Education\GitHub Projects\PhDPortal\app\director_views.py", line 149, in director_submit_for_evaluation
    recommendations = get_referee_recommendations(thesis)
  File "E:\Education\GitHub Projects\PhDPortal\app\views.py", line 773, in get_referee_recommendations
    .filter(Q(status = 'A') | Q(status = 'F') | Q(status = 'Z')):
NameError: name 'Q' is not defined
2017-04-22 18:33:08 - ERROR - base:handle_uncaught_exception:284 - Internal Server Error: /director/evaluate/
Traceback (most recent call last):
  File "E:\Education\GitHub Projects\PhDPortal\env\lib\site-packages\django\core\handlers\base.py", line 149, in get_response
    response = self.process_exception_by_middleware(e, request)
  File "E:\Education\GitHub Projects\PhDPortal\env\lib\site-packages\django\core\handlers\base.py", line 147, in get_response
    response = wrapped_callback(request, *callback_args, **callback_kwargs)
  File "E:\Education\GitHub Projects\PhDPortal\env\lib\site-packages\django\contrib\auth\decorators.py", line 23, in _wrapped_view
    return view_func(request, *args, **kwargs)
  File "E:\Education\GitHub Projects\PhDPortal\app\director_views.py", line 149, in director_submit_for_evaluation
    recommendations = get_referee_recommendations(thesis)
  File "E:\Education\GitHub Projects\PhDPortal\app\views.py", line 792, in get_referee_recommendations
    details['username'] = referee.user.username
AttributeError: 'tuple' object has no attribute 'user'
2017-04-22 18:34:46 - ERROR - base:handle_uncaught_exception:284 - Internal Server Error: /director/evaluate/
Traceback (most recent call last):
  File "E:\Education\GitHub Projects\PhDPortal\env\lib\site-packages\django\core\handlers\base.py", line 149, in get_response
    response = self.process_exception_by_middleware(e, request)
  File "E:\Education\GitHub Projects\PhDPortal\env\lib\site-packages\django\core\handlers\base.py", line 147, in get_response
    response = wrapped_callback(request, *callback_args, **callback_kwargs)
  File "E:\Education\GitHub Projects\PhDPortal\env\lib\site-packages\django\contrib\auth\decorators.py", line 23, in _wrapped_view
    return view_func(request, *args, **kwargs)
  File "E:\Education\GitHub Projects\PhDPortal\app\director_views.py", line 149, in director_submit_for_evaluation
    recommendations = get_referee_recommendations(thesis)
  File "E:\Education\GitHub Projects\PhDPortal\app\views.py", line 793, in get_referee_recommendations
    details['username'] = referee.user.username
AttributeError: 'str' object has no attribute 'user'
2017-04-22 18:40:08 - INFO - views:logout:440 - User gcnandi successfully logged out
2017-04-22 18:40:18 - INFO - views:login:418 - User pavan successfully authenticated
2017-04-22 18:40:51 - INFO - views:logout:440 - User pavan successfully logged out
2017-04-22 18:40:58 - INFO - views:login:418 - User prashant successfully authenticated
2017-04-22 18:41:29 - INFO - views:logout:440 - User prashant successfully logged out
2017-04-22 18:41:34 - INFO - views:login:418 - User pavan successfully authenticated
2017-04-22 18:41:39 - INFO - guide_views:guide_evaluate_unevaluated_abstract:184 - SHANU
2017-04-22 18:41:41 - INFO - views:logout:440 - User pavan successfully logged out
2017-04-22 18:41:46 - INFO - views:login:418 - User sonali successfully authenticated
2017-04-22 18:41:50 - INFO - guide_views:guide_evaluate_unevaluated_abstract:184 - SHANU
2017-04-22 18:41:52 - INFO - views:logout:440 - User sonali successfully logged out
2017-04-22 18:42:12 - INFO - views:login:418 - User prashant successfully authenticated
2017-04-22 18:42:34 - INFO - views:logout:440 - User prashant successfully logged out
2017-04-22 18:42:40 - INFO - views:login:418 - User pavan successfully authenticated
2017-04-22 18:42:51 - INFO - views:logout:440 - User pavan successfully logged out
2017-04-22 18:42:57 - INFO - views:login:418 - User sonali successfully authenticated
2017-04-22 18:43:06 - INFO - views:logout:440 - User sonali successfully logged out
2017-04-22 18:43:14 - INFO - views:login:418 - User prashant successfully authenticated
2017-04-22 18:43:55 - INFO - views:logout:440 - User prashant successfully logged out
2017-04-22 18:44:00 - INFO - views:login:418 - User pavan successfully authenticated
2017-04-22 18:44:16 - INFO - views:logout:440 - User pavan successfully logged out
2017-04-22 18:44:20 - INFO - views:login:418 - User sonali successfully authenticated
2017-04-22 18:44:29 - INFO - views:logout:440 - User sonali successfully logged out
2017-04-22 18:44:39 - INFO - views:login:418 - User prashant successfully authenticated
2017-04-22 18:44:47 - INFO - views:logout:440 - User prashant successfully logged out
2017-04-22 18:44:51 - INFO - views:login:418 - User pavan successfully authenticated
2017-04-22 18:46:44 - INFO - views:logout:440 - User pavan successfully logged out
2017-04-22 18:46:51 - INFO - views:login:418 - User prashant successfully authenticated
2017-04-22 19:12:08 - INFO - views:logout:440 - User prashant successfully logged out
2017-04-22 19:12:14 - INFO - views:login:418 - User gcnandi successfully authenticated
2017-04-22 19:13:18 - INFO - views:logout:440 - User gcnandi successfully logged out
2017-04-22 19:13:22 - INFO - views:login:418 - User prashant successfully authenticated
2017-04-22 19:13:52 - INFO - views:logout:440 - User prashant successfully logged out
2017-04-22 19:13:59 - INFO - views:login:418 - User gcnandi successfully authenticated
2017-04-22 19:14:31 - INFO - views:logout:440 - User gcnandi successfully logged out
2017-04-22 19:15:09 - INFO - views:login:418 - User preeti successfully authenticated
2017-04-22 19:15:30 - INFO - views:logout:440 - User preeti successfully logged out
2017-04-22 19:15:34 - INFO - views:login:418 - User anshul successfully authenticated
2017-04-22 19:15:54 - INFO - views:logout:440 - User anshul successfully logged out
2017-04-22 19:15:59 - INFO - views:login:418 - User ranjana successfully authenticated
2017-04-22 19:16:10 - INFO - views:logout:440 - User ranjana successfully logged out
2017-04-22 19:16:14 - INFO - views:login:418 - User sonali successfully authenticated
2017-04-22 19:16:23 - INFO - views:logout:440 - User sonali successfully logged out
2017-04-22 19:16:28 - INFO - views:login:418 - User anshul successfully authenticated
2017-04-22 19:17:36 - INFO - views:logout:440 - User anshul successfully logged out
2017-04-22 19:17:44 - INFO - views:login:418 - User sonali successfully authenticated
2017-04-22 19:17:53 - INFO - views:logout:440 - User sonali successfully logged out
2017-04-22 19:17:59 - INFO - views:login:418 - User ranjana successfully authenticated
2017-04-22 19:29:27 - INFO - guide_views:guide_save_panel_members:921 - 9   shanu
2017-04-22 19:29:29 - INFO - views:logout:440 - User ranjana successfully logged out
2017-04-22 19:29:33 - INFO - views:login:418 - User sonali successfully authenticated
2017-04-22 19:31:56 - INFO - guide_views:guide_save_panel_members:921 - 2   shanu
2017-04-22 19:31:58 - INFO - guide_views:guide_send_panel_to_director:803 - Before_Deletion
2017-04-22 19:31:58 - INFO - guide_views:guide_send_panel_to_director:807 - After_Deletion
2017-04-22 19:31:58 - INFO - guide_views:guide_send_panel_to_director:833 - here
2017-04-22 19:31:58 - INFO - guide_views:guide_send_panel_to_director:846 - True
2017-04-22 19:32:08 - INFO - views:logout:440 - User sonali successfully logged out
2017-04-22 19:32:14 - INFO - views:login:418 - User gcnandi successfully authenticated
2017-04-23 18:52:56 - INFO - views:login:418 - User anshul successfully authenticated
2017-04-23 18:55:53 - INFO - views:logout:440 - User anshul successfully logged out
2017-04-23 18:55:58 - INFO - views:login:418 - User admin successfully authenticated
2017-04-23 18:56:31 - INFO - views:logout:440 - User admin successfully logged out
2017-04-23 18:56:37 - INFO - views:login:418 - User anshul successfully authenticated
2017-04-23 18:56:45 - INFO - views:logout:440 - User anshul successfully logged out
2017-04-23 18:56:51 - INFO - views:login:418 - User gcnandi successfully authenticated
2017-04-23 18:57:21 - INFO - views:logout:440 - User gcnandi successfully logged out
2017-04-23 18:57:34 - INFO - views:login:418 - User anush successfully authenticated
2017-04-23 18:58:05 - INFO - views:login:418 - User manish successfully authenticated
2017-04-23 18:58:10 - INFO - guide_views:guide_evaluate_unevaluated_abstract:168 - SHANU
2017-04-23 18:58:37 - INFO - views:logout:440 - User manish successfully logged out
2017-04-23 18:58:41 - INFO - views:login:418 - User admin successfully authenticated
2017-04-23 18:58:53 - INFO - views:logout:440 - User admin successfully logged out
2017-04-23 18:59:21 - INFO - views:login:418 - User manish successfully authenticated
2017-04-23 19:00:13 - INFO - views:logout:440 - User manish successfully logged out
2017-04-23 19:00:17 - INFO - views:login:418 - User admin successfully authenticated
2017-04-23 19:01:42 - INFO - views:logout:440 - User admin successfully logged out
2017-04-23 19:01:46 - INFO - views:login:418 - User manish successfully authenticated
2017-04-23 19:02:58 - INFO - guide_views:guide_send_panel_to_admin:814 - Before_Deletion
2017-04-23 19:02:58 - INFO - guide_views:guide_send_panel_to_admin:818 - After_Deletion
2017-04-23 19:02:58 - INFO - guide_views:guide_send_panel_to_admin:844 - here
2017-04-23 19:02:58 - INFO - guide_views:guide_send_panel_to_admin:857 - False
2017-04-23 19:03:15 - INFO - guide_views:guide_send_panel_to_admin:814 - Before_Deletion
2017-04-23 19:03:15 - INFO - guide_views:guide_send_panel_to_admin:818 - After_Deletion
2017-04-23 19:03:16 - INFO - guide_views:guide_send_panel_to_admin:844 - here
2017-04-23 19:03:16 - INFO - guide_views:guide_send_panel_to_admin:857 - True
2017-04-23 19:04:27 - INFO - views:logout:440 - User manish successfully logged out
2017-04-23 19:04:31 - INFO - views:login:418 - User gcnandi successfully authenticated
2017-04-23 19:04:35 - INFO - views:logout:440 - User gcnandi successfully logged out
2017-04-23 19:04:40 - INFO - views:login:418 - User admin successfully authenticated
2017-04-23 19:05:13 - INFO - views:logout:440 - User admin successfully logged out
2017-04-23 19:05:22 - INFO - views:login:418 - User pavan successfully authenticated
2017-04-23 19:05:44 - INFO - views:logout:440 - User pavan successfully logged out
2017-04-23 19:05:48 - INFO - views:login:418 - User admin successfully authenticated
2017-04-23 19:12:50 - INFO - views:logout:440 - User admin successfully logged out
2017-04-23 19:12:55 - INFO - views:login:418 - User gcnandi successfully authenticated
2017-04-23 19:13:09 - INFO - views:logout:440 - User gcnandi successfully logged out
2017-04-23 19:13:12 - INFO - views:login:418 - User anshul successfully authenticated
2017-04-23 19:15:24 - INFO - views:logout:440 - User anshul successfully logged out
2017-04-23 19:15:27 - INFO - views:login:418 - User admin successfully authenticated
2017-04-23 19:20:11 - INFO - views:logout:440 - User admin successfully logged out
2017-04-23 19:20:17 - INFO - views:login:418 - User gcnandi successfully authenticated
2017-04-23 19:20:30 - INFO - views:logout:440 - User gcnandi successfully logged out
2017-04-23 19:20:36 - INFO - views:login:418 - User manish successfully authenticated
2017-04-23 19:21:03 - INFO - views:logout:440 - User manish successfully logged out
2017-04-23 19:21:07 - INFO - views:login:418 - User admin successfully authenticated
2017-04-23 19:21:30 - INFO - views:logout:440 - User admin successfully logged out
2017-04-23 19:21:34 - INFO - views:login:418 - User gcnandi successfully authenticated
2017-04-23 19:22:00 - INFO - views:logout:440 - User gcnandi successfully logged out
2017-04-23 19:22:08 - INFO - views:login:418 - User vibhu successfully authenticated
2017-04-23 19:22:20 - INFO - views:logout:440 - User vibhu successfully logged out
2017-04-23 19:22:24 - INFO - views:login:418 - User pavan successfully authenticated
2017-04-23 19:23:10 - INFO - views:logout:440 - User pavan successfully logged out
2017-04-23 19:23:17 - INFO - views:login:418 - User gcnandi successfully authenticated
2017-04-23 19:23:39 - INFO - views:logout:440 - User gcnandi successfully logged out
2017-04-23 19:23:47 - INFO - views:login:418 - User manali successfully authenticated
2017-04-23 19:23:50 - INFO - views:logout:440 - User manali successfully logged out
2017-04-23 19:23:55 - INFO - views:login:418 - User pavan successfully authenticated
2017-04-23 19:24:20 - INFO - guide_views:guide_send_panel_to_admin:814 - Before_Deletion
2017-04-23 19:24:20 - INFO - guide_views:guide_send_panel_to_admin:818 - After_Deletion
2017-04-23 19:24:20 - INFO - guide_views:guide_send_panel_to_admin:844 - here
2017-04-23 19:24:20 - INFO - guide_views:guide_send_panel_to_admin:857 - True
2017-04-23 19:24:37 - INFO - views:logout:440 - User pavan successfully logged out
2017-04-23 19:24:42 - INFO - views:login:418 - User admin successfully authenticated
2017-04-23 19:32:28 - INFO - views:login:418 - User gcnandi successfully authenticated
2017-04-23 19:34:38 - INFO - views:logout:440 - User gcnandi successfully logged out
2017-04-23 19:34:43 - INFO - views:login:418 - User admin successfully authenticated
2017-04-23 19:35:10 - INFO - views:logout:440 - User admin successfully logged out
2017-04-23 19:35:18 - INFO - views:login:418 - User pavan successfully authenticated
2017-04-23 19:35:36 - INFO - guide_views:guide_save_panel_members:932 - 2   shanu
2017-04-23 19:36:56 - INFO - views:login:418 - User admin successfully authenticated
2017-04-24 20:42:51 - INFO - views:login:419 - User scarlett successfully authenticated
2017-04-24 20:43:46 - INFO - views:logout:441 - User scarlett successfully logged out
2017-04-24 20:43:51 - INFO - views:login:419 - User pavan successfully authenticated
2017-04-24 20:45:48 - INFO - views:logout:441 - User pavan successfully logged out
2017-04-24 20:45:55 - INFO - views:login:419 - User gopal successfully authenticated
2017-04-24 20:46:07 - INFO - views:logout:441 - User gopal successfully logged out
2017-04-24 20:46:12 - INFO - views:login:419 - User janit successfully authenticated
2017-04-24 20:47:24 - INFO - views:logout:441 - User janit successfully logged out
2017-04-24 20:47:29 - INFO - views:login:419 - User admin successfully authenticated
2017-04-24 20:48:09 - INFO - views:logout:441 - User admin successfully logged out
2017-04-24 20:48:14 - INFO - views:login:419 - User gcnandi successfully authenticated
2017-04-24 20:48:34 - INFO - views:logout:441 - User gcnandi successfully logged out
2017-04-24 20:48:38 - INFO - views:login:419 - User rahul successfully authenticated
2017-04-24 20:48:54 - INFO - views:logout:441 - User rahul successfully logged out
2017-04-24 20:49:01 - INFO - views:login:419 - User pavan successfully authenticated
